nohup: ignoring input
/home/xlf/anaconda3/envs/FastSAM/lib/python3.9/site-packages/torchvision/models/_utils.py:208: UserWarning: The parameter 'pretrained' is deprecated since 0.13 and may be removed in the future, please use 'weights' instead.
  warnings.warn(
/home/xlf/anaconda3/envs/FastSAM/lib/python3.9/site-packages/torchvision/models/_utils.py:223: UserWarning: Arguments other than a weight enum or `None` for 'weights' are deprecated since 0.13 and may be removed in the future. The current behavior is equivalent to passing `weights=ResNet18_Weights.IMAGENET1K_V1`. You can also use `weights=ResNet18_Weights.DEFAULT` to get the most up-to-date weights.
  warnings.warn(msg)
0/638 images loaded.
50/638 images loaded.
100/638 images loaded.
150/638 images loaded.
200/638 images loaded.
250/638 images loaded.
300/638 images loaded.
350/638 images loaded.
400/638 images loaded.
450/638 images loaded.
500/638 images loaded.
550/638 images loaded.
600/638 images loaded.
(1024, 1024, 3)
637 train images loaded.
0/348 images loaded.
50/348 images loaded.
100/348 images loaded.
150/348 images loaded.
200/348 images loaded.
250/348 images loaded.
300/348 images loaded.
(1024, 1024, 3)
348 test images loaded.
/home/xlf/anaconda3/envs/FastSAM/lib/python3.9/site-packages/torch/nn/functional.py:3737: UserWarning: nn.functional.upsample is deprecated. Use nn.functional.interpolate instead.
  warnings.warn("nn.functional.upsample is deprecated. Use nn.functional.interpolate instead.")
[epoch 0] [iter 100 / 1593 29.5s] [lr 0.099624] [train loss 0.0741 acc 95.86]
[epoch 0] [iter 200 / 1593 48.6s] [lr 0.099249] [train loss 0.0575 acc 98.82]
[epoch 0] [iter 300 / 1593 67.6s] [lr 0.098874] [train loss 0.0748 acc 97.60]
[epoch 0] [iter 400 / 1593 87.0s] [lr 0.098501] [train loss 0.1437 acc 93.76]
[epoch 0] [iter 500 / 1593 106.3s] [lr 0.098129] [train loss 0.0368 acc 98.41]
[epoch 0] [iter 600 / 1593 125.5s] [lr 0.097757] [train loss 0.1533 acc 95.02]
[epoch 0] [iter 700 / 1593 145.1s] [lr 0.097387] [train loss 0.0140 acc 99.62]
[epoch 0] [iter 800 / 1593 164.6s] [lr 0.097017] [train loss 0.0241 acc 99.27]
[epoch 0] [iter 900 / 1593 183.8s] [lr 0.096648] [train loss 0.0828 acc 97.10]
[epoch 0] [iter 1000 / 1593 203.2s] [lr 0.096281] [train loss 0.0597 acc 97.08]
[epoch 0] [iter 1100 / 1593 222.5s] [lr 0.095914] [train loss 0.0977 acc 95.34]
[epoch 0] [iter 1200 / 1593 241.9s] [lr 0.095548] [train loss 0.0846 acc 96.63]
[epoch 0] [iter 1300 / 1593 261.1s] [lr 0.095183] [train loss 0.0831 acc 96.95]
[epoch 0] [iter 1400 / 1593 280.5s] [lr 0.094819] [train loss 0.0566 acc 97.86]
[epoch 0] [iter 1500 / 1593 299.7s] [lr 0.094456] [train loss 0.0353 acc 98.65]
Prediction saved!
28.8s Val loss 0.10 Acc 96.90 F 33.86
[epoch 0/50 347.6s] Best rec: Train 96.89, Val 96.90, F1 score: 33.86 IoU 25.88
[epoch 1] [iter 100 / 1593 21.5s] [lr 0.093758] [train loss 0.0498 acc 97.96]
[epoch 1] [iter 200 / 1593 40.8s] [lr 0.093398] [train loss 0.0162 acc 99.54]
[epoch 1] [iter 300 / 1593 60.2s] [lr 0.093038] [train loss 0.0606 acc 97.77]
[epoch 1] [iter 400 / 1593 79.6s] [lr 0.092680] [train loss 0.0804 acc 97.10]
[epoch 1] [iter 500 / 1593 99.0s] [lr 0.092322] [train loss 0.1044 acc 95.69]
[epoch 1] [iter 600 / 1593 118.5s] [lr 0.091965] [train loss 0.0854 acc 96.47]
[epoch 1] [iter 700 / 1593 138.0s] [lr 0.091610] [train loss 0.0869 acc 96.39]
[epoch 1] [iter 800 / 1593 157.3s] [lr 0.091255] [train loss 0.0636 acc 97.53]
[epoch 1] [iter 900 / 1593 176.8s] [lr 0.090901] [train loss 0.0430 acc 98.20]
[epoch 1] [iter 1000 / 1593 196.2s] [lr 0.090548] [train loss 0.1130 acc 95.65]
[epoch 1] [iter 1100 / 1593 215.8s] [lr 0.090196] [train loss 0.0371 acc 98.70]
[epoch 1] [iter 1200 / 1593 235.5s] [lr 0.089845] [train loss 0.0904 acc 96.30]
[epoch 1] [iter 1300 / 1593 254.9s] [lr 0.089495] [train loss 0.1026 acc 96.42]
[epoch 1] [iter 1400 / 1593 274.5s] [lr 0.089145] [train loss 0.0293 acc 99.31]
[epoch 1] [iter 1500 / 1593 293.9s] [lr 0.088797] [train loss 0.0463 acc 97.91]
28.6s Val loss 0.08 Acc 97.40 F 43.45
[epoch 1/50 689.9s] Best rec: Train 97.66, Val 97.40, F1 score: 43.45 IoU 34.13
[epoch 2] [iter 100 / 1593 21.7s] [lr 0.088127] [train loss 0.0789 acc 97.20]
[epoch 2] [iter 200 / 1593 40.9s] [lr 0.087781] [train loss 0.0441 acc 98.63]
[epoch 2] [iter 300 / 1593 60.0s] [lr 0.087436] [train loss 0.0378 acc 98.73]
[epoch 2] [iter 400 / 1593 79.6s] [lr 0.087092] [train loss 0.0380 acc 98.64]
[epoch 2] [iter 500 / 1593 99.0s] [lr 0.086749] [train loss 0.0314 acc 98.86]
[epoch 2] [iter 600 / 1593 118.4s] [lr 0.086407] [train loss 0.0357 acc 98.75]
[epoch 2] [iter 700 / 1593 137.5s] [lr 0.086066] [train loss 0.0704 acc 97.08]
[epoch 2] [iter 800 / 1593 157.0s] [lr 0.085726] [train loss 0.0685 acc 96.92]
[epoch 2] [iter 900 / 1593 176.3s] [lr 0.085386] [train loss 0.0201 acc 99.41]
[epoch 2] [iter 1000 / 1593 195.6s] [lr 0.085048] [train loss 0.0983 acc 96.01]
[epoch 2] [iter 1100 / 1593 215.0s] [lr 0.084710] [train loss 0.0434 acc 98.29]
[epoch 2] [iter 1200 / 1593 234.4s] [lr 0.084373] [train loss 0.0804 acc 96.45]
[epoch 2] [iter 1300 / 1593 253.7s] [lr 0.084037] [train loss 0.0229 acc 99.12]
[epoch 2] [iter 1400 / 1593 273.3s] [lr 0.083702] [train loss 0.0512 acc 98.04]
[epoch 2] [iter 1500 / 1593 292.6s] [lr 0.083368] [train loss 0.0739 acc 97.43]
29.0s Val loss 0.48 Acc 74.14 F 21.84
[epoch 2/50 1031.2s] Best rec: Train 97.82, Val 97.40, F1 score: 43.45 IoU 34.13
[epoch 3] [iter 100 / 1593 21.6s] [lr 0.082726] [train loss 0.0331 acc 98.77]
[epoch 3] [iter 200 / 1593 40.7s] [lr 0.082395] [train loss 0.0188 acc 99.43]
[epoch 3] [iter 300 / 1593 60.0s] [lr 0.082064] [train loss 0.0461 acc 98.24]
[epoch 3] [iter 400 / 1593 79.1s] [lr 0.081734] [train loss 0.0798 acc 97.11]
[epoch 3] [iter 500 / 1593 98.5s] [lr 0.081405] [train loss 0.0329 acc 98.72]
[epoch 3] [iter 600 / 1593 117.8s] [lr 0.081078] [train loss 0.0354 acc 98.96]
[epoch 3] [iter 700 / 1593 137.0s] [lr 0.080750] [train loss 0.0385 acc 98.43]
[epoch 3] [iter 800 / 1593 156.5s] [lr 0.080424] [train loss 0.0359 acc 98.73]
[epoch 3] [iter 900 / 1593 175.9s] [lr 0.080099] [train loss 0.0382 acc 98.79]
[epoch 3] [iter 1000 / 1593 195.1s] [lr 0.079775] [train loss 0.0370 acc 98.74]
[epoch 3] [iter 1100 / 1593 214.4s] [lr 0.079451] [train loss 0.0179 acc 99.47]
[epoch 3] [iter 1200 / 1593 233.8s] [lr 0.079128] [train loss 0.0134 acc 99.67]
[epoch 3] [iter 1300 / 1593 253.1s] [lr 0.078807] [train loss 0.0107 acc 99.73]
[epoch 3] [iter 1400 / 1593 272.6s] [lr 0.078486] [train loss 0.0784 acc 97.09]
[epoch 3] [iter 1500 / 1593 292.0s] [lr 0.078166] [train loss 0.0199 acc 99.35]
28.7s Val loss 0.08 Acc 97.13 F 47.24
[epoch 3/50 1371.5s] Best rec: Train 97.95, Val 97.13, F1 score: 47.24 IoU 36.25
[epoch 4] [iter 100 / 1593 21.5s] [lr 0.077550] [train loss 0.0359 acc 98.44]
[epoch 4] [iter 200 / 1593 40.5s] [lr 0.077233] [train loss 0.0854 acc 96.97]
[epoch 4] [iter 300 / 1593 59.7s] [lr 0.076916] [train loss 0.0637 acc 97.60]
[epoch 4] [iter 400 / 1593 78.9s] [lr 0.076601] [train loss 0.0269 acc 99.06]
[epoch 4] [iter 500 / 1593 98.0s] [lr 0.076286] [train loss 0.0505 acc 98.04]
[epoch 4] [iter 600 / 1593 117.2s] [lr 0.075972] [train loss 0.0561 acc 98.03]
[epoch 4] [iter 700 / 1593 136.5s] [lr 0.075658] [train loss 0.0516 acc 98.14]
[epoch 4] [iter 800 / 1593 155.5s] [lr 0.075346] [train loss 0.0990 acc 95.81]
[epoch 4] [iter 900 / 1593 174.8s] [lr 0.075035] [train loss 0.0794 acc 96.49]
[epoch 4] [iter 1000 / 1593 194.2s] [lr 0.074724] [train loss 0.0246 acc 99.15]
[epoch 4] [iter 1100 / 1593 213.4s] [lr 0.074414] [train loss 0.0195 acc 99.30]
[epoch 4] [iter 1200 / 1593 232.7s] [lr 0.074106] [train loss 0.0688 acc 97.61]
[epoch 4] [iter 1300 / 1593 252.2s] [lr 0.073798] [train loss 0.0981 acc 96.36]
[epoch 4] [iter 1400 / 1593 271.8s] [lr 0.073490] [train loss 0.0296 acc 98.91]
[epoch 4] [iter 1500 / 1593 291.2s] [lr 0.073184] [train loss 0.0287 acc 99.16]
28.7s Val loss 0.07 Acc 97.68 F 54.59
[epoch 4/50 1710.7s] Best rec: Train 97.95, Val 97.68, F1 score: 54.59 IoU 43.48
[epoch 5] [iter 100 / 1593 21.7s] [lr 0.072595] [train loss 0.0401 acc 98.86]
[epoch 5] [iter 200 / 1593 41.0s] [lr 0.072292] [train loss 0.0419 acc 98.26]
[epoch 5] [iter 300 / 1593 60.4s] [lr 0.071989] [train loss 0.0928 acc 97.40]
[epoch 5] [iter 400 / 1593 79.7s] [lr 0.071686] [train loss 0.0836 acc 96.56]
[epoch 5] [iter 500 / 1593 99.0s] [lr 0.071385] [train loss 0.1078 acc 95.61]
[epoch 5] [iter 600 / 1593 118.3s] [lr 0.071085] [train loss 0.0970 acc 96.08]
[epoch 5] [iter 700 / 1593 137.7s] [lr 0.070785] [train loss 0.0273 acc 99.00]
[epoch 5] [iter 800 / 1593 157.0s] [lr 0.070486] [train loss 0.0184 acc 99.38]
[epoch 5] [iter 900 / 1593 176.3s] [lr 0.070189] [train loss 0.0273 acc 98.95]
[epoch 5] [iter 1000 / 1593 195.8s] [lr 0.069892] [train loss 0.0418 acc 98.42]
[epoch 5] [iter 1100 / 1593 215.0s] [lr 0.069595] [train loss 0.1036 acc 96.71]
[epoch 5] [iter 1200 / 1593 234.3s] [lr 0.069300] [train loss 0.0315 acc 98.84]
[epoch 5] [iter 1300 / 1593 253.5s] [lr 0.069005] [train loss 0.0118 acc 99.66]
[epoch 5] [iter 1400 / 1593 272.8s] [lr 0.068712] [train loss 0.0853 acc 96.72]
[epoch 5] [iter 1500 / 1593 292.3s] [lr 0.068419] [train loss 0.0829 acc 97.01]
Prediction saved!
28.7s Val loss 0.14 Acc 93.13 F 42.55
[epoch 5/50 2051.3s] Best rec: Train 98.06, Val 97.68, F1 score: 54.59 IoU 43.48
[epoch 6] [iter 100 / 1593 21.5s] [lr 0.067856] [train loss 0.0273 acc 99.35]
[epoch 6] [iter 200 / 1593 40.7s] [lr 0.067566] [train loss 0.0668 acc 97.82]
[epoch 6] [iter 300 / 1593 59.8s] [lr 0.067276] [train loss 0.0248 acc 99.29]
[epoch 6] [iter 400 / 1593 79.0s] [lr 0.066987] [train loss 0.0108 acc 99.70]
[epoch 6] [iter 500 / 1593 98.2s] [lr 0.066699] [train loss 0.1305 acc 95.19]
[epoch 6] [iter 600 / 1593 117.4s] [lr 0.066412] [train loss 0.0483 acc 98.20]
[epoch 6] [iter 700 / 1593 136.5s] [lr 0.066126] [train loss 0.0415 acc 98.47]
[epoch 6] [iter 800 / 1593 155.1s] [lr 0.065840] [train loss 0.1482 acc 94.28]
[epoch 6] [iter 900 / 1593 168.7s] [lr 0.065556] [train loss 0.0717 acc 97.55]
[epoch 6] [iter 1000 / 1593 181.7s] [lr 0.065272] [train loss 0.0134 acc 99.68]
[epoch 6] [iter 1100 / 1593 194.6s] [lr 0.064989] [train loss 0.0454 acc 98.14]
[epoch 6] [iter 1200 / 1593 207.5s] [lr 0.064707] [train loss 0.1553 acc 95.12]
[epoch 6] [iter 1300 / 1593 220.5s] [lr 0.064425] [train loss 0.0619 acc 97.82]
[epoch 6] [iter 1400 / 1593 238.7s] [lr 0.064145] [train loss 0.1985 acc 92.42]
[epoch 6] [iter 1500 / 1593 259.4s] [lr 0.063865] [train loss 0.0425 acc 98.04]
21.7s Val loss 0.07 Acc 97.14 F 55.14
[epoch 6/50 2349.0s] Best rec: Train 98.06, Val 97.14, F1 score: 55.14 IoU 44.38
[epoch 7] [iter 100 / 1593 15.1s] [lr 0.063327] [train loss 0.0409 acc 98.42]
[epoch 7] [iter 200 / 1593 27.8s] [lr 0.063050] [train loss 0.0383 acc 98.54]
[epoch 7] [iter 300 / 1593 40.6s] [lr 0.062774] [train loss 0.0288 acc 98.98]
[epoch 7] [iter 400 / 1593 56.8s] [lr 0.062498] [train loss 0.0391 acc 99.12]
[epoch 7] [iter 500 / 1593 76.1s] [lr 0.062223] [train loss 0.0428 acc 98.95]
[epoch 7] [iter 600 / 1593 95.6s] [lr 0.061949] [train loss 0.0542 acc 98.06]
[epoch 7] [iter 700 / 1593 115.1s] [lr 0.061675] [train loss 0.0280 acc 99.13]
[epoch 7] [iter 800 / 1593 134.5s] [lr 0.061403] [train loss 0.0548 acc 98.13]
[epoch 7] [iter 900 / 1593 154.1s] [lr 0.061131] [train loss 0.0426 acc 98.51]
[epoch 7] [iter 1000 / 1593 173.5s] [lr 0.060860] [train loss 0.0632 acc 98.70]
[epoch 7] [iter 1100 / 1593 193.1s] [lr 0.060590] [train loss 0.0186 acc 99.39]
[epoch 7] [iter 1200 / 1593 212.4s] [lr 0.060321] [train loss 0.0677 acc 97.08]
[epoch 7] [iter 1300 / 1593 231.7s] [lr 0.060052] [train loss 0.0285 acc 98.89]
[epoch 7] [iter 1400 / 1593 251.0s] [lr 0.059785] [train loss 0.0356 acc 98.49]
[epoch 7] [iter 1500 / 1593 270.4s] [lr 0.059518] [train loss 0.0450 acc 98.21]
28.7s Val loss 0.07 Acc 97.51 F 50.66
[epoch 7/50 2667.6s] Best rec: Train 98.12, Val 97.14, F1 score: 55.14 IoU 44.38
[epoch 8] [iter 100 / 1593 21.6s] [lr 0.059005] [train loss 0.0193 acc 99.36]
[epoch 8] [iter 200 / 1593 41.0s] [lr 0.058740] [train loss 0.0476 acc 98.06]
[epoch 8] [iter 300 / 1593 60.4s] [lr 0.058477] [train loss 0.0323 acc 98.80]
[epoch 8] [iter 400 / 1593 80.0s] [lr 0.058214] [train loss 0.0820 acc 96.92]
[epoch 8] [iter 500 / 1593 99.5s] [lr 0.057951] [train loss 0.0487 acc 98.28]
[epoch 8] [iter 600 / 1593 119.0s] [lr 0.057690] [train loss 0.0436 acc 98.39]
[epoch 8] [iter 700 / 1593 138.5s] [lr 0.057429] [train loss 0.0149 acc 99.48]
[epoch 8] [iter 800 / 1593 158.0s] [lr 0.057170] [train loss 0.0266 acc 99.08]
[epoch 8] [iter 900 / 1593 177.5s] [lr 0.056911] [train loss 0.0288 acc 98.96]
[epoch 8] [iter 1000 / 1593 197.0s] [lr 0.056652] [train loss 0.0380 acc 98.69]
[epoch 8] [iter 1100 / 1593 216.3s] [lr 0.056395] [train loss 0.0180 acc 99.49]
[epoch 8] [iter 1200 / 1593 235.8s] [lr 0.056138] [train loss 0.0080 acc 99.78]
[epoch 8] [iter 1300 / 1593 255.1s] [lr 0.055882] [train loss 0.0889 acc 96.17]
[epoch 8] [iter 1400 / 1593 274.7s] [lr 0.055627] [train loss 0.0518 acc 98.26]
[epoch 8] [iter 1500 / 1593 294.2s] [lr 0.055373] [train loss 0.0223 acc 99.17]
29.1s Val loss 0.10 Acc 95.61 F 46.80
[epoch 8/50 3010.4s] Best rec: Train 98.29, Val 97.14, F1 score: 55.14 IoU 44.38
[epoch 9] [iter 100 / 1593 21.6s] [lr 0.054884] [train loss 0.0316 acc 98.91]
[epoch 9] [iter 200 / 1593 40.9s] [lr 0.054632] [train loss 0.0127 acc 99.57]
[epoch 9] [iter 300 / 1593 60.1s] [lr 0.054381] [train loss 0.0195 acc 99.37]
[epoch 9] [iter 400 / 1593 79.3s] [lr 0.054130] [train loss 0.0804 acc 97.29]
[epoch 9] [iter 500 / 1593 98.7s] [lr 0.053880] [train loss 0.0413 acc 98.29]
[epoch 9] [iter 600 / 1593 117.9s] [lr 0.053631] [train loss 0.0689 acc 97.31]
[epoch 9] [iter 700 / 1593 137.2s] [lr 0.053383] [train loss 0.1195 acc 95.59]
[epoch 9] [iter 800 / 1593 156.6s] [lr 0.053135] [train loss 0.0270 acc 99.26]
[epoch 9] [iter 900 / 1593 176.1s] [lr 0.052889] [train loss 0.0356 acc 99.25]
[epoch 9] [iter 1000 / 1593 195.5s] [lr 0.052643] [train loss 0.0160 acc 99.59]
[epoch 9] [iter 1100 / 1593 214.9s] [lr 0.052398] [train loss 0.0401 acc 98.88]
[epoch 9] [iter 1200 / 1593 234.5s] [lr 0.052153] [train loss 0.0343 acc 98.63]
[epoch 9] [iter 1300 / 1593 254.0s] [lr 0.051910] [train loss 0.0378 acc 98.57]
[epoch 9] [iter 1400 / 1593 273.4s] [lr 0.051667] [train loss 0.0237 acc 99.17]
[epoch 9] [iter 1500 / 1593 293.0s] [lr 0.051425] [train loss 0.0486 acc 98.11]
28.7s Val loss 0.11 Acc 96.54 F 47.59
[epoch 9/50 3351.8s] Best rec: Train 98.29, Val 97.14, F1 score: 55.14 IoU 44.38
[epoch 10] [iter 100 / 1593 21.9s] [lr 0.050959] [train loss 0.1329 acc 96.18]
[epoch 10] [iter 200 / 1593 41.3s] [lr 0.050719] [train loss 0.0597 acc 98.04]
[epoch 10] [iter 300 / 1593 60.9s] [lr 0.050480] [train loss 0.0529 acc 97.96]
[epoch 10] [iter 400 / 1593 80.4s] [lr 0.050242] [train loss 0.0393 acc 98.56]
[epoch 10] [iter 500 / 1593 99.8s] [lr 0.050004] [train loss 0.0453 acc 98.25]
[epoch 10] [iter 600 / 1593 119.4s] [lr 0.049767] [train loss 0.0237 acc 99.14]
[epoch 10] [iter 700 / 1593 138.9s] [lr 0.049531] [train loss 0.0164 acc 99.57]
[epoch 10] [iter 800 / 1593 158.4s] [lr 0.049296] [train loss 0.0544 acc 97.90]
[epoch 10] [iter 900 / 1593 177.9s] [lr 0.049061] [train loss 0.0253 acc 99.22]
[epoch 10] [iter 1000 / 1593 197.3s] [lr 0.048827] [train loss 0.0585 acc 97.67]
[epoch 10] [iter 1100 / 1593 216.7s] [lr 0.048594] [train loss 0.0516 acc 98.21]
[epoch 10] [iter 1200 / 1593 236.1s] [lr 0.048361] [train loss 0.0721 acc 96.73]
[epoch 10] [iter 1300 / 1593 255.5s] [lr 0.048130] [train loss 0.0223 acc 99.40]
[epoch 10] [iter 1400 / 1593 274.9s] [lr 0.047899] [train loss 0.0390 acc 98.61]
[epoch 10] [iter 1500 / 1593 294.4s] [lr 0.047669] [train loss 0.0423 acc 98.30]
Prediction saved!
29.3s Val loss 0.08 Acc 97.36 F 36.76
[epoch 10/50 3695.3s] Best rec: Train 98.29, Val 97.14, F1 score: 55.14 IoU 44.38
[epoch 11] [iter 100 / 1593 21.6s] [lr 0.047226] [train loss 0.0653 acc 97.71]
[epoch 11] [iter 200 / 1593 40.9s] [lr 0.046998] [train loss 0.0715 acc 97.17]
[epoch 11] [iter 300 / 1593 60.2s] [lr 0.046771] [train loss 0.0080 acc 99.82]
[epoch 11] [iter 400 / 1593 79.7s] [lr 0.046544] [train loss 0.0683 acc 97.08]
[epoch 11] [iter 500 / 1593 99.3s] [lr 0.046319] [train loss 0.0585 acc 97.57]
[epoch 11] [iter 600 / 1593 118.8s] [lr 0.046094] [train loss 0.0288 acc 99.02]
[epoch 11] [iter 700 / 1593 138.4s] [lr 0.045869] [train loss 0.0116 acc 99.69]
[epoch 11] [iter 800 / 1593 157.9s] [lr 0.045645] [train loss 0.0160 acc 99.44]
[epoch 11] [iter 900 / 1593 177.5s] [lr 0.045423] [train loss 0.0130 acc 99.71]
[epoch 11] [iter 1000 / 1593 196.9s] [lr 0.045200] [train loss 0.0696 acc 97.45]
[epoch 11] [iter 1100 / 1593 216.4s] [lr 0.044979] [train loss 0.0650 acc 97.30]
[epoch 11] [iter 1200 / 1593 236.0s] [lr 0.044758] [train loss 0.0716 acc 97.20]
[epoch 11] [iter 1300 / 1593 255.3s] [lr 0.044538] [train loss 0.0433 acc 98.36]
[epoch 11] [iter 1400 / 1593 274.8s] [lr 0.044319] [train loss 0.0372 acc 98.48]
[epoch 11] [iter 1500 / 1593 294.3s] [lr 0.044100] [train loss 0.0300 acc 98.87]
28.5s Val loss 0.06 Acc 97.80 F 56.28
[epoch 11/50 4037.9s] Best rec: Train 98.34, Val 97.80, F1 score: 56.28 IoU 45.14
[epoch 12] [iter 100 / 1593 21.4s] [lr 0.043680] [train loss 0.0111 acc 99.77]
[epoch 12] [iter 200 / 1593 40.8s] [lr 0.043464] [train loss 0.0281 acc 99.40]
[epoch 12] [iter 300 / 1593 60.1s] [lr 0.043248] [train loss 0.0203 acc 99.33]
[epoch 12] [iter 400 / 1593 79.5s] [lr 0.043033] [train loss 0.0740 acc 97.63]
[epoch 12] [iter 500 / 1593 99.0s] [lr 0.042819] [train loss 0.0725 acc 97.28]
[epoch 12] [iter 600 / 1593 118.5s] [lr 0.042605] [train loss 0.0280 acc 98.97]
[epoch 12] [iter 700 / 1593 137.9s] [lr 0.042392] [train loss 0.0857 acc 95.94]
[epoch 12] [iter 800 / 1593 157.3s] [lr 0.042180] [train loss 0.0086 acc 99.76]
[epoch 12] [iter 900 / 1593 176.9s] [lr 0.041969] [train loss 0.0296 acc 98.87]
[epoch 12] [iter 1000 / 1593 196.3s] [lr 0.041758] [train loss 0.0241 acc 99.16]
[epoch 12] [iter 1100 / 1593 215.8s] [lr 0.041548] [train loss 0.0272 acc 99.17]
[epoch 12] [iter 1200 / 1593 235.1s] [lr 0.041338] [train loss 0.0301 acc 98.93]
[epoch 12] [iter 1300 / 1593 254.7s] [lr 0.041130] [train loss 0.0569 acc 97.78]
[epoch 12] [iter 1400 / 1593 274.3s] [lr 0.040922] [train loss 0.0579 acc 97.89]
[epoch 12] [iter 1500 / 1593 293.7s] [lr 0.040715] [train loss 0.0353 acc 98.73]
29.1s Val loss 0.13 Acc 94.35 F 48.84
[epoch 12/50 4380.4s] Best rec: Train 98.34, Val 97.80, F1 score: 56.28 IoU 45.14
[epoch 13] [iter 100 / 1593 21.5s] [lr 0.040316] [train loss 0.0205 acc 99.34]
[epoch 13] [iter 200 / 1593 41.0s] [lr 0.040111] [train loss 0.0393 acc 98.36]
[epoch 13] [iter 300 / 1593 60.3s] [lr 0.039907] [train loss 0.0585 acc 96.78]
[epoch 13] [iter 400 / 1593 79.7s] [lr 0.039703] [train loss 0.0345 acc 98.68]
[epoch 13] [iter 500 / 1593 99.1s] [lr 0.039500] [train loss 0.0623 acc 97.47]
[epoch 13] [iter 600 / 1593 118.5s] [lr 0.039297] [train loss 0.0267 acc 98.92]
[epoch 13] [iter 700 / 1593 138.0s] [lr 0.039096] [train loss 0.0264 acc 98.83]
[epoch 13] [iter 800 / 1593 157.4s] [lr 0.038895] [train loss 0.0154 acc 99.46]
[epoch 13] [iter 900 / 1593 176.9s] [lr 0.038694] [train loss 0.0524 acc 98.00]
[epoch 13] [iter 1000 / 1593 196.4s] [lr 0.038495] [train loss 0.0172 acc 99.64]
[epoch 13] [iter 1100 / 1593 216.0s] [lr 0.038296] [train loss 0.0422 acc 98.31]
[epoch 13] [iter 1200 / 1593 235.6s] [lr 0.038097] [train loss 0.0828 acc 97.39]
[epoch 13] [iter 1300 / 1593 255.0s] [lr 0.037900] [train loss 0.0051 acc 99.90]
[epoch 13] [iter 1400 / 1593 274.6s] [lr 0.037703] [train loss 0.0329 acc 98.74]
[epoch 13] [iter 1500 / 1593 294.0s] [lr 0.037507] [train loss 0.0371 acc 98.56]
28.7s Val loss 0.09 Acc 97.11 F 33.43
[epoch 13/50 4722.9s] Best rec: Train 98.43, Val 97.80, F1 score: 56.28 IoU 45.14
[epoch 14] [iter 100 / 1593 21.9s] [lr 0.037130] [train loss 0.0334 acc 99.17]
[epoch 14] [iter 200 / 1593 41.4s] [lr 0.036936] [train loss 0.0821 acc 97.14]
[epoch 14] [iter 300 / 1593 60.8s] [lr 0.036742] [train loss 0.0476 acc 98.40]
[epoch 14] [iter 400 / 1593 80.5s] [lr 0.036549] [train loss 0.0196 acc 99.49]
[epoch 14] [iter 500 / 1593 100.1s] [lr 0.036357] [train loss 0.0276 acc 99.08]
[epoch 14] [iter 600 / 1593 119.6s] [lr 0.036165] [train loss 0.0390 acc 98.57]
[epoch 14] [iter 700 / 1593 139.0s] [lr 0.035975] [train loss 0.0261 acc 99.10]
[epoch 14] [iter 800 / 1593 158.6s] [lr 0.035784] [train loss 0.0223 acc 99.27]
[epoch 14] [iter 900 / 1593 178.0s] [lr 0.035595] [train loss 0.0299 acc 98.93]
[epoch 14] [iter 1000 / 1593 197.7s] [lr 0.035406] [train loss 0.0368 acc 98.63]
[epoch 14] [iter 1100 / 1593 217.2s] [lr 0.035218] [train loss 0.0249 acc 99.19]
[epoch 14] [iter 1200 / 1593 236.7s] [lr 0.035030] [train loss 0.0387 acc 98.37]
[epoch 14] [iter 1300 / 1593 256.1s] [lr 0.034844] [train loss 0.1004 acc 95.66]
[epoch 14] [iter 1400 / 1593 275.6s] [lr 0.034657] [train loss 0.0521 acc 98.11]
[epoch 14] [iter 1500 / 1593 290.9s] [lr 0.034472] [train loss 0.0237 acc 99.04]
21.0s Val loss 0.09 Acc 96.90 F 37.59
[epoch 14/50 5048.2s] Best rec: Train 98.43, Val 97.80, F1 score: 56.28 IoU 45.14
[epoch 15] [iter 100 / 1593 15.2s] [lr 0.034116] [train loss 0.0491 acc 98.02]
[epoch 15] [iter 200 / 1593 30.0s] [lr 0.033932] [train loss 0.0505 acc 97.92]
[epoch 15] [iter 300 / 1593 50.2s] [lr 0.033749] [train loss 0.0386 acc 98.59]
[epoch 15] [iter 400 / 1593 69.9s] [lr 0.033567] [train loss 0.0241 acc 99.15]
[epoch 15] [iter 500 / 1593 82.8s] [lr 0.033385] [train loss 0.0235 acc 99.11]
[epoch 15] [iter 600 / 1593 95.7s] [lr 0.033205] [train loss 0.0392 acc 98.46]
[epoch 15] [iter 700 / 1593 108.6s] [lr 0.033024] [train loss 0.0231 acc 99.41]
[epoch 15] [iter 800 / 1593 121.4s] [lr 0.032845] [train loss 0.0662 acc 97.68]
[epoch 15] [iter 900 / 1593 134.5s] [lr 0.032666] [train loss 0.0534 acc 98.13]
[epoch 15] [iter 1000 / 1593 151.6s] [lr 0.032487] [train loss 0.0553 acc 97.98]
[epoch 15] [iter 1100 / 1593 171.1s] [lr 0.032310] [train loss 0.0291 acc 98.92]
[epoch 15] [iter 1200 / 1593 190.5s] [lr 0.032133] [train loss 0.0743 acc 97.45]
[epoch 15] [iter 1300 / 1593 209.8s] [lr 0.031956] [train loss 0.0624 acc 97.37]
[epoch 15] [iter 1400 / 1593 229.4s] [lr 0.031781] [train loss 0.0603 acc 97.58]
[epoch 15] [iter 1500 / 1593 248.8s] [lr 0.031605] [train loss 0.0389 acc 98.61]
Prediction saved!
29.1s Val loss 0.06 Acc 98.03 F 58.80
[epoch 15/50 5345.8s] Best rec: Train 98.54, Val 98.03, F1 score: 58.80 IoU 48.12
[epoch 16] [iter 100 / 1593 21.4s] [lr 0.031269] [train loss 0.0181 acc 99.38]
[epoch 16] [iter 200 / 1593 40.6s] [lr 0.031096] [train loss 0.0194 acc 99.37]
[epoch 16] [iter 300 / 1593 59.9s] [lr 0.030924] [train loss 0.0515 acc 98.10]
[epoch 16] [iter 400 / 1593 79.0s] [lr 0.030752] [train loss 0.0840 acc 96.67]
[epoch 16] [iter 500 / 1593 98.4s] [lr 0.030580] [train loss 0.0346 acc 98.80]
[epoch 16] [iter 600 / 1593 117.6s] [lr 0.030410] [train loss 0.0450 acc 98.26]
[epoch 16] [iter 700 / 1593 136.7s] [lr 0.030240] [train loss 0.0410 acc 98.51]
[epoch 16] [iter 800 / 1593 156.0s] [lr 0.030070] [train loss 0.0073 acc 99.88]
[epoch 16] [iter 900 / 1593 175.4s] [lr 0.029902] [train loss 0.0188 acc 99.27]
[epoch 16] [iter 1000 / 1593 194.9s] [lr 0.029734] [train loss 0.0642 acc 97.41]
[epoch 16] [iter 1100 / 1593 214.2s] [lr 0.029566] [train loss 0.0680 acc 97.19]
[epoch 16] [iter 1200 / 1593 233.4s] [lr 0.029399] [train loss 0.0228 acc 99.21]
[epoch 16] [iter 1300 / 1593 252.8s] [lr 0.029233] [train loss 0.0208 acc 99.40]
[epoch 16] [iter 1400 / 1593 272.4s] [lr 0.029067] [train loss 0.1008 acc 96.69]
[epoch 16] [iter 1500 / 1593 292.0s] [lr 0.028902] [train loss 0.0206 acc 99.25]
28.8s Val loss 0.08 Acc 97.28 F 45.48
[epoch 16/50 5686.2s] Best rec: Train 98.56, Val 98.03, F1 score: 58.80 IoU 48.12
[epoch 17] [iter 100 / 1593 21.7s] [lr 0.028586] [train loss 0.0128 acc 99.59]
[epoch 17] [iter 200 / 1593 41.1s] [lr 0.028423] [train loss 0.0195 acc 99.26]
[epoch 17] [iter 300 / 1593 60.3s] [lr 0.028260] [train loss 0.0609 acc 97.29]
[epoch 17] [iter 400 / 1593 79.8s] [lr 0.028098] [train loss 0.0192 acc 99.35]
[epoch 17] [iter 500 / 1593 99.2s] [lr 0.027937] [train loss 0.0310 acc 98.85]
[epoch 17] [iter 600 / 1593 118.6s] [lr 0.027776] [train loss 0.0252 acc 99.15]
[epoch 17] [iter 700 / 1593 138.0s] [lr 0.027616] [train loss 0.0074 acc 99.80]
[epoch 17] [iter 800 / 1593 157.2s] [lr 0.027457] [train loss 0.0122 acc 99.64]
[epoch 17] [iter 900 / 1593 176.6s] [lr 0.027298] [train loss 0.0371 acc 98.52]
[epoch 17] [iter 1000 / 1593 195.9s] [lr 0.027140] [train loss 0.0248 acc 99.12]
[epoch 17] [iter 1100 / 1593 215.3s] [lr 0.026982] [train loss 0.0433 acc 98.29]
[epoch 17] [iter 1200 / 1593 234.7s] [lr 0.026825] [train loss 0.0099 acc 99.80]
[epoch 17] [iter 1300 / 1593 254.2s] [lr 0.026669] [train loss 0.0482 acc 98.05]
[epoch 17] [iter 1400 / 1593 273.6s] [lr 0.026513] [train loss 0.0497 acc 98.21]
[epoch 17] [iter 1500 / 1593 293.2s] [lr 0.026358] [train loss 0.0149 acc 99.48]
28.9s Val loss 0.07 Acc 97.13 F 54.49
[epoch 17/50 6028.0s] Best rec: Train 98.63, Val 98.03, F1 score: 58.80 IoU 48.12
[epoch 18] [iter 100 / 1593 21.8s] [lr 0.026060] [train loss 0.0065 acc 99.83]
[epoch 18] [iter 200 / 1593 41.3s] [lr 0.025907] [train loss 0.0505 acc 98.54]
[epoch 18] [iter 300 / 1593 60.5s] [lr 0.025754] [train loss 0.0526 acc 98.10]
[epoch 18] [iter 400 / 1593 79.7s] [lr 0.025602] [train loss 0.0490 acc 98.20]
[epoch 18] [iter 500 / 1593 99.2s] [lr 0.025451] [train loss 0.0357 acc 98.62]
[epoch 18] [iter 600 / 1593 118.5s] [lr 0.025300] [train loss 0.0305 acc 98.89]
[epoch 18] [iter 700 / 1593 137.8s] [lr 0.025149] [train loss 0.0402 acc 98.82]
[epoch 18] [iter 800 / 1593 157.1s] [lr 0.024999] [train loss 0.0712 acc 97.22]
[epoch 18] [iter 900 / 1593 176.4s] [lr 0.024850] [train loss 0.0426 acc 98.45]
[epoch 18] [iter 1000 / 1593 195.6s] [lr 0.024702] [train loss 0.0209 acc 99.41]
[epoch 18] [iter 1100 / 1593 215.0s] [lr 0.024554] [train loss 0.0381 acc 98.44]
[epoch 18] [iter 1200 / 1593 234.3s] [lr 0.024406] [train loss 0.0387 acc 98.61]
[epoch 18] [iter 1300 / 1593 253.6s] [lr 0.024260] [train loss 0.0450 acc 98.14]
[epoch 18] [iter 1400 / 1593 273.0s] [lr 0.024113] [train loss 0.0308 acc 98.84]
[epoch 18] [iter 1500 / 1593 292.3s] [lr 0.023968] [train loss 0.0305 acc 98.84]
28.9s Val loss 0.08 Acc 97.65 F 58.26
[epoch 18/50 6368.4s] Best rec: Train 98.65, Val 98.03, F1 score: 58.80 IoU 48.12
[epoch 19] [iter 100 / 1593 21.7s] [lr 0.023688] [train loss 0.0109 acc 99.64]
[epoch 19] [iter 200 / 1593 40.9s] [lr 0.023544] [train loss 0.0202 acc 99.22]
[epoch 19] [iter 300 / 1593 60.1s] [lr 0.023401] [train loss 0.0041 acc 99.88]
[epoch 19] [iter 400 / 1593 79.4s] [lr 0.023258] [train loss 0.0245 acc 99.20]
[epoch 19] [iter 500 / 1593 98.6s] [lr 0.023116] [train loss 0.0378 acc 98.59]
[epoch 19] [iter 600 / 1593 117.9s] [lr 0.022975] [train loss 0.0410 acc 98.57]
[epoch 19] [iter 700 / 1593 137.2s] [lr 0.022834] [train loss 0.0391 acc 98.33]
[epoch 19] [iter 800 / 1593 156.6s] [lr 0.022693] [train loss 0.0054 acc 99.90]
[epoch 19] [iter 900 / 1593 176.1s] [lr 0.022553] [train loss 0.0238 acc 99.09]
[epoch 19] [iter 1000 / 1593 195.6s] [lr 0.022414] [train loss 0.0844 acc 96.59]
[epoch 19] [iter 1100 / 1593 215.0s] [lr 0.022275] [train loss 0.0161 acc 99.36]
[epoch 19] [iter 1200 / 1593 234.4s] [lr 0.022137] [train loss 0.0117 acc 99.62]
[epoch 19] [iter 1300 / 1593 253.8s] [lr 0.022000] [train loss 0.0362 acc 98.55]
[epoch 19] [iter 1400 / 1593 273.2s] [lr 0.021863] [train loss 0.0409 acc 98.48]
[epoch 19] [iter 1500 / 1593 292.6s] [lr 0.021726] [train loss 0.0069 acc 99.87]
28.9s Val loss 0.08 Acc 96.60 F 55.46
[epoch 19/50 6709.5s] Best rec: Train 98.71, Val 98.03, F1 score: 58.80 IoU 48.12
[epoch 20] [iter 100 / 1593 21.5s] [lr 0.021465] [train loss 0.0350 acc 98.69]
[epoch 20] [iter 200 / 1593 40.9s] [lr 0.021330] [train loss 0.0270 acc 98.80]
[epoch 20] [iter 300 / 1593 60.2s] [lr 0.021196] [train loss 0.0517 acc 97.87]
[epoch 20] [iter 400 / 1593 79.6s] [lr 0.021062] [train loss 0.0330 acc 98.67]
[epoch 20] [iter 500 / 1593 99.1s] [lr 0.020929] [train loss 0.0352 acc 98.65]
[epoch 20] [iter 600 / 1593 118.5s] [lr 0.020797] [train loss 0.0234 acc 99.09]
[epoch 20] [iter 700 / 1593 138.0s] [lr 0.020665] [train loss 0.0492 acc 97.76]
[epoch 20] [iter 800 / 1593 157.4s] [lr 0.020533] [train loss 0.0201 acc 99.43]
[epoch 20] [iter 900 / 1593 177.0s] [lr 0.020402] [train loss 0.0799 acc 97.02]
[epoch 20] [iter 1000 / 1593 196.5s] [lr 0.020272] [train loss 0.0453 acc 98.36]
[epoch 20] [iter 1100 / 1593 216.0s] [lr 0.020143] [train loss 0.0145 acc 99.48]
[epoch 20] [iter 1200 / 1593 235.5s] [lr 0.020013] [train loss 0.0309 acc 98.78]
[epoch 20] [iter 1300 / 1593 254.8s] [lr 0.019885] [train loss 0.0197 acc 99.33]
[epoch 20] [iter 1400 / 1593 274.3s] [lr 0.019757] [train loss 0.0313 acc 98.82]
[epoch 20] [iter 1500 / 1593 293.5s] [lr 0.019629] [train loss 0.0262 acc 98.98]
Prediction saved!
28.9s Val loss 0.06 Acc 97.71 F 57.98
[epoch 20/50 7051.6s] Best rec: Train 98.71, Val 98.03, F1 score: 58.80 IoU 48.12
[epoch 21] [iter 100 / 1593 21.8s] [lr 0.019385] [train loss 0.0064 acc 99.82]
[epoch 21] [iter 200 / 1593 41.0s] [lr 0.019259] [train loss 0.0375 acc 98.50]
[epoch 21] [iter 300 / 1593 60.4s] [lr 0.019134] [train loss 0.0195 acc 99.29]
[epoch 21] [iter 400 / 1593 79.7s] [lr 0.019009] [train loss 0.0119 acc 99.63]
[epoch 21] [iter 500 / 1593 99.0s] [lr 0.018885] [train loss 0.0209 acc 99.23]
[epoch 21] [iter 600 / 1593 118.3s] [lr 0.018761] [train loss 0.0383 acc 98.51]
[epoch 21] [iter 700 / 1593 137.6s] [lr 0.018638] [train loss 0.0395 acc 98.91]
[epoch 21] [iter 800 / 1593 157.0s] [lr 0.018515] [train loss 0.0409 acc 98.22]
[epoch 21] [iter 900 / 1593 176.6s] [lr 0.018393] [train loss 0.0301 acc 98.96]
[epoch 21] [iter 1000 / 1593 196.3s] [lr 0.018271] [train loss 0.0084 acc 99.72]
[epoch 21] [iter 1100 / 1593 215.7s] [lr 0.018150] [train loss 0.0288 acc 98.56]
[epoch 21] [iter 1200 / 1593 235.0s] [lr 0.018030] [train loss 0.0340 acc 98.61]
[epoch 21] [iter 1300 / 1593 254.5s] [lr 0.017910] [train loss 0.0275 acc 99.06]
[epoch 21] [iter 1400 / 1593 273.9s] [lr 0.017791] [train loss 0.0407 acc 98.48]
[epoch 21] [iter 1500 / 1593 293.5s] [lr 0.017672] [train loss 0.0203 acc 99.25]
29.1s Val loss 0.10 Acc 96.24 F 48.99
[epoch 21/50 7394.0s] Best rec: Train 98.76, Val 98.03, F1 score: 58.80 IoU 48.12
[epoch 22] [iter 100 / 1593 21.8s] [lr 0.017444] [train loss 0.0215 acc 99.08]
[epoch 22] [iter 200 / 1593 40.9s] [lr 0.017326] [train loss 0.0134 acc 99.53]
[epoch 22] [iter 300 / 1593 60.1s] [lr 0.017210] [train loss 0.0655 acc 97.38]
[epoch 22] [iter 400 / 1593 79.6s] [lr 0.017093] [train loss 0.0228 acc 99.14]
[epoch 22] [iter 500 / 1593 99.1s] [lr 0.016978] [train loss 0.0467 acc 97.79]
[epoch 22] [iter 600 / 1593 118.6s] [lr 0.016862] [train loss 0.0678 acc 97.25]
[epoch 22] [iter 700 / 1593 138.1s] [lr 0.016748] [train loss 0.0253 acc 99.09]
[epoch 22] [iter 800 / 1593 157.6s] [lr 0.016634] [train loss 0.0410 acc 98.32]
[epoch 22] [iter 900 / 1593 177.1s] [lr 0.016520] [train loss 0.0250 acc 99.09]
[epoch 22] [iter 1000 / 1593 196.4s] [lr 0.016407] [train loss 0.0176 acc 99.33]
[epoch 22] [iter 1100 / 1593 215.9s] [lr 0.016294] [train loss 0.0144 acc 99.47]
[epoch 22] [iter 1200 / 1593 235.2s] [lr 0.016182] [train loss 0.0293 acc 98.94]
[epoch 22] [iter 1300 / 1593 254.6s] [lr 0.016070] [train loss 0.0275 acc 98.86]
[epoch 22] [iter 1400 / 1593 274.1s] [lr 0.015959] [train loss 0.0301 acc 98.80]
[epoch 22] [iter 1500 / 1593 293.5s] [lr 0.015849] [train loss 0.0516 acc 98.04]
28.7s Val loss 0.07 Acc 97.29 F 59.57
[epoch 22/50 7735.9s] Best rec: Train 98.80, Val 97.29, F1 score: 59.57 IoU 49.07
[epoch 23] [iter 100 / 1593 21.6s] [lr 0.015637] [train loss 0.0335 acc 98.69]
[epoch 23] [iter 200 / 1593 40.7s] [lr 0.015528] [train loss 0.0437 acc 98.18]
[epoch 23] [iter 300 / 1593 58.5s] [lr 0.015419] [train loss 0.0268 acc 99.06]
[epoch 23] [iter 400 / 1593 71.2s] [lr 0.015311] [train loss 0.0402 acc 98.41]
[epoch 23] [iter 500 / 1593 84.0s] [lr 0.015204] [train loss 0.0392 acc 98.49]
[epoch 23] [iter 600 / 1593 96.8s] [lr 0.015097] [train loss 0.0163 acc 99.47]
[epoch 23] [iter 700 / 1593 109.7s] [lr 0.014990] [train loss 0.0402 acc 98.37]
[epoch 23] [iter 800 / 1593 126.3s] [lr 0.014884] [train loss 0.0528 acc 98.11]
[epoch 23] [iter 900 / 1593 147.2s] [lr 0.014778] [train loss 0.0274 acc 99.13]
[epoch 23] [iter 1000 / 1593 164.1s] [lr 0.014673] [train loss 0.0261 acc 99.02]
[epoch 23] [iter 1100 / 1593 177.1s] [lr 0.014569] [train loss 0.0609 acc 97.70]
[epoch 23] [iter 1200 / 1593 190.1s] [lr 0.014465] [train loss 0.0424 acc 98.20]
[epoch 23] [iter 1300 / 1593 203.0s] [lr 0.014361] [train loss 0.0152 acc 99.50]
[epoch 23] [iter 1400 / 1593 215.9s] [lr 0.014258] [train loss 0.0055 acc 99.88]
[epoch 23] [iter 1500 / 1593 228.9s] [lr 0.014156] [train loss 0.0079 acc 99.78]
28.8s Val loss 0.06 Acc 97.91 F 60.68
[epoch 23/50 8012.7s] Best rec: Train 98.85, Val 97.91, F1 score: 60.68 IoU 50.24
[epoch 24] [iter 100 / 1593 21.5s] [lr 0.013959] [train loss 0.0163 acc 99.39]
[epoch 24] [iter 200 / 1593 40.7s] [lr 0.013858] [train loss 0.0436 acc 98.20]
[epoch 24] [iter 300 / 1593 59.9s] [lr 0.013757] [train loss 0.0358 acc 98.78]
[epoch 24] [iter 400 / 1593 79.2s] [lr 0.013657] [train loss 0.0521 acc 97.97]
[epoch 24] [iter 500 / 1593 98.5s] [lr 0.013558] [train loss 0.0086 acc 99.84]
[epoch 24] [iter 600 / 1593 117.7s] [lr 0.013459] [train loss 0.0163 acc 99.36]
[epoch 24] [iter 700 / 1593 137.2s] [lr 0.013360] [train loss 0.0677 acc 96.96]
[epoch 24] [iter 800 / 1593 156.4s] [lr 0.013262] [train loss 0.0263 acc 99.08]
[epoch 24] [iter 900 / 1593 175.7s] [lr 0.013164] [train loss 0.0210 acc 99.21]
[epoch 24] [iter 1000 / 1593 195.2s] [lr 0.013067] [train loss 0.0062 acc 99.86]
[epoch 24] [iter 1100 / 1593 214.6s] [lr 0.012970] [train loss 0.0417 acc 98.41]
[epoch 24] [iter 1200 / 1593 234.0s] [lr 0.012874] [train loss 0.0158 acc 99.39]
[epoch 24] [iter 1300 / 1593 253.4s] [lr 0.012778] [train loss 0.0125 acc 99.61]
[epoch 24] [iter 1400 / 1593 273.0s] [lr 0.012683] [train loss 0.0052 acc 99.88]
[epoch 24] [iter 1500 / 1593 292.6s] [lr 0.012588] [train loss 0.0319 acc 98.78]
28.9s Val loss 0.07 Acc 97.74 F 51.86
[epoch 24/50 8353.8s] Best rec: Train 98.85, Val 97.91, F1 score: 60.68 IoU 50.24
[epoch 25] [iter 100 / 1593 21.6s] [lr 0.012406] [train loss 0.0202 acc 99.19]
[epoch 25] [iter 200 / 1593 41.1s] [lr 0.012313] [train loss 0.0923 acc 96.43]
[epoch 25] [iter 300 / 1593 60.5s] [lr 0.012220] [train loss 0.0225 acc 99.12]
[epoch 25] [iter 400 / 1593 79.9s] [lr 0.012127] [train loss 0.0325 acc 98.80]
[epoch 25] [iter 500 / 1593 99.5s] [lr 0.012035] [train loss 0.0038 acc 99.94]
[epoch 25] [iter 600 / 1593 118.9s] [lr 0.011943] [train loss 0.0417 acc 98.38]
[epoch 25] [iter 700 / 1593 138.3s] [lr 0.011852] [train loss 0.0198 acc 99.25]
[epoch 25] [iter 800 / 1593 157.7s] [lr 0.011762] [train loss 0.0157 acc 99.63]
[epoch 25] [iter 900 / 1593 177.0s] [lr 0.011672] [train loss 0.0421 acc 98.25]
[epoch 25] [iter 1000 / 1593 196.3s] [lr 0.011582] [train loss 0.0324 acc 99.04]
[epoch 25] [iter 1100 / 1593 215.7s] [lr 0.011493] [train loss 0.0422 acc 98.51]
[epoch 25] [iter 1200 / 1593 235.0s] [lr 0.011404] [train loss 0.0233 acc 99.25]
[epoch 25] [iter 1300 / 1593 254.4s] [lr 0.011315] [train loss 0.0644 acc 97.07]
[epoch 25] [iter 1400 / 1593 273.7s] [lr 0.011228] [train loss 0.0260 acc 99.09]
[epoch 25] [iter 1500 / 1593 292.9s] [lr 0.011140] [train loss 0.0319 acc 98.78]
Prediction saved!
28.8s Val loss 0.06 Acc 97.53 F 61.78
[epoch 25/50 8694.9s] Best rec: Train 98.90, Val 97.53, F1 score: 61.78 IoU 51.07
[epoch 26] [iter 100 / 1593 21.8s] [lr 0.010973] [train loss 0.0419 acc 98.38]
[epoch 26] [iter 200 / 1593 41.0s] [lr 0.010887] [train loss 0.0100 acc 99.67]
[epoch 26] [iter 300 / 1593 60.2s] [lr 0.010801] [train loss 0.0389 acc 98.39]
[epoch 26] [iter 400 / 1593 79.6s] [lr 0.010716] [train loss 0.0360 acc 98.72]
[epoch 26] [iter 500 / 1593 99.0s] [lr 0.010631] [train loss 0.0109 acc 99.62]
[epoch 26] [iter 600 / 1593 118.3s] [lr 0.010547] [train loss 0.0371 acc 98.47]
[epoch 26] [iter 700 / 1593 137.7s] [lr 0.010463] [train loss 0.0117 acc 99.56]
[epoch 26] [iter 800 / 1593 157.2s] [lr 0.010379] [train loss 0.0166 acc 99.37]
[epoch 26] [iter 900 / 1593 176.5s] [lr 0.010296] [train loss 0.0438 acc 98.29]
[epoch 26] [iter 1000 / 1593 195.9s] [lr 0.010214] [train loss 0.0396 acc 98.40]
[epoch 26] [iter 1100 / 1593 215.4s] [lr 0.010132] [train loss 0.0318 acc 98.83]
[epoch 26] [iter 1200 / 1593 234.8s] [lr 0.010050] [train loss 0.0557 acc 97.80]
[epoch 26] [iter 1300 / 1593 254.1s] [lr 0.009969] [train loss 0.0487 acc 98.08]
[epoch 26] [iter 1400 / 1593 273.4s] [lr 0.009888] [train loss 0.0193 acc 99.27]
[epoch 26] [iter 1500 / 1593 292.8s] [lr 0.009808] [train loss 0.0428 acc 98.24]
28.6s Val loss 0.06 Acc 98.08 F 63.14
[epoch 26/50 9035.8s] Best rec: Train 98.91, Val 98.08, F1 score: 63.14 IoU 52.47
[epoch 27] [iter 100 / 1593 21.5s] [lr 0.009654] [train loss 0.0496 acc 98.02]
[epoch 27] [iter 200 / 1593 40.6s] [lr 0.009575] [train loss 0.0353 acc 98.63]
[epoch 27] [iter 300 / 1593 59.7s] [lr 0.009496] [train loss 0.0448 acc 98.33]
[epoch 27] [iter 400 / 1593 79.1s] [lr 0.009418] [train loss 0.0196 acc 99.31]
[epoch 27] [iter 500 / 1593 98.2s] [lr 0.009341] [train loss 0.0440 acc 98.35]
[epoch 27] [iter 600 / 1593 117.4s] [lr 0.009263] [train loss 0.0429 acc 98.34]
[epoch 27] [iter 700 / 1593 136.8s] [lr 0.009186] [train loss 0.0451 acc 98.20]
[epoch 27] [iter 800 / 1593 156.2s] [lr 0.009110] [train loss 0.0150 acc 99.58]
[epoch 27] [iter 900 / 1593 175.7s] [lr 0.009034] [train loss 0.0620 acc 97.50]
[epoch 27] [iter 1000 / 1593 195.1s] [lr 0.008958] [train loss 0.0208 acc 99.18]
[epoch 27] [iter 1100 / 1593 214.5s] [lr 0.008883] [train loss 0.0071 acc 99.90]
[epoch 27] [iter 1200 / 1593 233.8s] [lr 0.008808] [train loss 0.0027 acc 99.97]
[epoch 27] [iter 1300 / 1593 253.2s] [lr 0.008734] [train loss 0.0438 acc 98.16]
[epoch 27] [iter 1400 / 1593 272.4s] [lr 0.008660] [train loss 0.0329 acc 98.73]
[epoch 27] [iter 1500 / 1593 291.8s] [lr 0.008586] [train loss 0.0035 acc 99.93]
28.9s Val loss 0.06 Acc 97.80 F 59.82
[epoch 27/50 9376.1s] Best rec: Train 98.97, Val 98.08, F1 score: 63.14 IoU 52.47
[epoch 28] [iter 100 / 1593 21.6s] [lr 0.008446] [train loss 0.0575 acc 97.56]
[epoch 28] [iter 200 / 1593 40.8s] [lr 0.008373] [train loss 0.0021 acc 100.00]
[epoch 28] [iter 300 / 1593 60.0s] [lr 0.008302] [train loss 0.0239 acc 99.15]
[epoch 28] [iter 400 / 1593 79.3s] [lr 0.008230] [train loss 0.0307 acc 98.81]
[epoch 28] [iter 500 / 1593 98.6s] [lr 0.008159] [train loss 0.0231 acc 99.28]
[epoch 28] [iter 600 / 1593 117.9s] [lr 0.008088] [train loss 0.0605 acc 97.56]
[epoch 28] [iter 700 / 1593 137.3s] [lr 0.008018] [train loss 0.0275 acc 99.04]
[epoch 28] [iter 800 / 1593 156.9s] [lr 0.007948] [train loss 0.0257 acc 99.01]
[epoch 28] [iter 900 / 1593 176.4s] [lr 0.007879] [train loss 0.0053 acc 99.87]
[epoch 28] [iter 1000 / 1593 195.8s] [lr 0.007810] [train loss 0.0216 acc 99.15]
[epoch 28] [iter 1100 / 1593 215.2s] [lr 0.007741] [train loss 0.0191 acc 99.40]
[epoch 28] [iter 1200 / 1593 234.6s] [lr 0.007673] [train loss 0.0348 acc 98.58]
[epoch 28] [iter 1300 / 1593 253.9s] [lr 0.007605] [train loss 0.0022 acc 100.00]
[epoch 28] [iter 1400 / 1593 273.5s] [lr 0.007538] [train loss 0.0268 acc 98.96]
[epoch 28] [iter 1500 / 1593 292.8s] [lr 0.007471] [train loss 0.0282 acc 99.09]
29.0s Val loss 0.06 Acc 97.93 F 61.69
[epoch 28/50 9717.7s] Best rec: Train 98.97, Val 98.08, F1 score: 63.14 IoU 52.47
[epoch 29] [iter 100 / 1593 21.5s] [lr 0.007343] [train loss 0.0221 acc 99.09]
[epoch 29] [iter 200 / 1593 40.6s] [lr 0.007277] [train loss 0.0095 acc 99.80]
[epoch 29] [iter 300 / 1593 59.9s] [lr 0.007211] [train loss 0.0349 acc 98.62]
[epoch 29] [iter 400 / 1593 79.1s] [lr 0.007146] [train loss 0.0429 acc 98.40]
[epoch 29] [iter 500 / 1593 98.4s] [lr 0.007082] [train loss 0.0424 acc 98.42]
[epoch 29] [iter 600 / 1593 117.9s] [lr 0.007017] [train loss 0.0338 acc 98.95]
[epoch 29] [iter 700 / 1593 137.3s] [lr 0.006953] [train loss 0.0107 acc 99.55]
[epoch 29] [iter 800 / 1593 156.9s] [lr 0.006890] [train loss 0.0085 acc 99.72]
[epoch 29] [iter 900 / 1593 176.2s] [lr 0.006827] [train loss 0.0268 acc 99.08]
[epoch 29] [iter 1000 / 1593 195.7s] [lr 0.006764] [train loss 0.0101 acc 99.65]
[epoch 29] [iter 1100 / 1593 215.1s] [lr 0.006702] [train loss 0.0691 acc 97.26]
[epoch 29] [iter 1200 / 1593 234.4s] [lr 0.006640] [train loss 0.0320 acc 98.77]
[epoch 29] [iter 1300 / 1593 253.7s] [lr 0.006578] [train loss 0.0090 acc 99.77]
[epoch 29] [iter 1400 / 1593 272.9s] [lr 0.006517] [train loss 0.0494 acc 98.15]
[epoch 29] [iter 1500 / 1593 292.4s] [lr 0.006456] [train loss 0.0222 acc 99.18]
28.6s Val loss 0.07 Acc 97.61 F 61.46
[epoch 29/50 10058.3s] Best rec: Train 98.98, Val 98.08, F1 score: 63.14 IoU 52.47
[epoch 30] [iter 100 / 1593 21.6s] [lr 0.006340] [train loss 0.0152 acc 99.51]
[epoch 30] [iter 200 / 1593 40.9s] [lr 0.006280] [train loss 0.0507 acc 98.00]
[epoch 30] [iter 300 / 1593 60.2s] [lr 0.006221] [train loss 0.0074 acc 99.78]
[epoch 30] [iter 400 / 1593 79.6s] [lr 0.006162] [train loss 0.0126 acc 99.52]
[epoch 30] [iter 500 / 1593 98.8s] [lr 0.006103] [train loss 0.0477 acc 97.95]
[epoch 30] [iter 600 / 1593 117.9s] [lr 0.006045] [train loss 0.0033 acc 99.90]
[epoch 30] [iter 700 / 1593 137.3s] [lr 0.005987] [train loss 0.0214 acc 99.07]
[epoch 30] [iter 800 / 1593 156.6s] [lr 0.005930] [train loss 0.0209 acc 99.22]
[epoch 30] [iter 900 / 1593 175.8s] [lr 0.005873] [train loss 0.0111 acc 99.73]
[epoch 30] [iter 1000 / 1593 195.4s] [lr 0.005816] [train loss 0.0439 acc 98.35]
[epoch 30] [iter 1100 / 1593 214.7s] [lr 0.005760] [train loss 0.0139 acc 99.51]
[epoch 30] [iter 1200 / 1593 234.1s] [lr 0.005704] [train loss 0.0132 acc 99.51]
[epoch 30] [iter 1300 / 1593 253.5s] [lr 0.005648] [train loss 0.0641 acc 97.46]
[epoch 30] [iter 1400 / 1593 272.8s] [lr 0.005593] [train loss 0.0144 acc 99.58]
[epoch 30] [iter 1500 / 1593 292.2s] [lr 0.005538] [train loss 0.0020 acc 99.99]
Prediction saved!
28.8s Val loss 0.06 Acc 98.00 F 62.49
[epoch 30/50 10399.1s] Best rec: Train 99.03, Val 98.08, F1 score: 63.14 IoU 52.47
[epoch 31] [iter 100 / 1593 21.8s] [lr 0.005433] [train loss 0.0509 acc 98.22]
[epoch 31] [iter 200 / 1593 41.0s] [lr 0.005379] [train loss 0.0627 acc 97.49]
[epoch 31] [iter 300 / 1593 60.3s] [lr 0.005326] [train loss 0.0108 acc 99.55]
[epoch 31] [iter 400 / 1593 79.7s] [lr 0.005273] [train loss 0.0257 acc 99.06]
[epoch 31] [iter 500 / 1593 99.1s] [lr 0.005220] [train loss 0.0245 acc 99.15]
[epoch 31] [iter 600 / 1593 118.3s] [lr 0.005167] [train loss 0.0220 acc 99.15]
[epoch 31] [iter 700 / 1593 137.7s] [lr 0.005115] [train loss 0.0197 acc 99.24]
[epoch 31] [iter 800 / 1593 157.1s] [lr 0.005063] [train loss 0.0578 acc 97.79]
[epoch 31] [iter 900 / 1593 175.8s] [lr 0.005012] [train loss 0.0067 acc 99.78]
[epoch 31] [iter 1000 / 1593 188.7s] [lr 0.004961] [train loss 0.0088 acc 99.72]
[epoch 31] [iter 1100 / 1593 201.5s] [lr 0.004910] [train loss 0.0138 acc 99.50]
[epoch 31] [iter 1200 / 1593 214.3s] [lr 0.004860] [train loss 0.0440 acc 98.24]
[epoch 31] [iter 1300 / 1593 227.2s] [lr 0.004810] [train loss 0.0364 acc 98.58]
[epoch 31] [iter 1400 / 1593 243.0s] [lr 0.004760] [train loss 0.0226 acc 99.14]
[epoch 31] [iter 1500 / 1593 263.7s] [lr 0.004711] [train loss 0.0113 acc 99.63]
21.2s Val loss 0.06 Acc 98.06 F 63.28
[epoch 31/50 10702.9s] Best rec: Train 99.06, Val 98.06, F1 score: 63.28 IoU 52.50
[epoch 32] [iter 100 / 1593 15.0s] [lr 0.004617] [train loss 0.0141 acc 99.51]
[epoch 32] [iter 200 / 1593 27.8s] [lr 0.004569] [train loss 0.0032 acc 99.94]
[epoch 32] [iter 300 / 1593 40.5s] [lr 0.004521] [train loss 0.0154 acc 99.45]
[epoch 32] [iter 400 / 1593 55.7s] [lr 0.004473] [train loss 0.0242 acc 99.10]
[epoch 32] [iter 500 / 1593 74.9s] [lr 0.004426] [train loss 0.0443 acc 98.32]
[epoch 32] [iter 600 / 1593 94.4s] [lr 0.004379] [train loss 0.0275 acc 98.87]
[epoch 32] [iter 700 / 1593 113.9s] [lr 0.004332] [train loss 0.0046 acc 99.86]
[epoch 32] [iter 800 / 1593 133.2s] [lr 0.004286] [train loss 0.0102 acc 99.66]
[epoch 32] [iter 900 / 1593 152.5s] [lr 0.004240] [train loss 0.0327 acc 98.63]
[epoch 32] [iter 1000 / 1593 171.8s] [lr 0.004194] [train loss 0.0172 acc 99.36]
[epoch 32] [iter 1100 / 1593 191.1s] [lr 0.004149] [train loss 0.0033 acc 99.91]
[epoch 32] [iter 1200 / 1593 210.5s] [lr 0.004104] [train loss 0.0098 acc 99.65]
[epoch 32] [iter 1300 / 1593 229.8s] [lr 0.004059] [train loss 0.0078 acc 99.74]
[epoch 32] [iter 1400 / 1593 249.0s] [lr 0.004015] [train loss 0.0509 acc 98.02]
[epoch 32] [iter 1500 / 1593 268.5s] [lr 0.003971] [train loss 0.0278 acc 98.97]
29.1s Val loss 0.06 Acc 98.04 F 62.92
[epoch 32/50 11020.0s] Best rec: Train 99.06, Val 98.06, F1 score: 63.28 IoU 52.50
[epoch 33] [iter 100 / 1593 21.4s] [lr 0.003887] [train loss 0.0236 acc 99.14]
[epoch 33] [iter 200 / 1593 40.6s] [lr 0.003844] [train loss 0.0322 acc 98.80]
[epoch 33] [iter 300 / 1593 59.9s] [lr 0.003801] [train loss 0.0284 acc 98.97]
[epoch 33] [iter 400 / 1593 79.1s] [lr 0.003759] [train loss 0.0260 acc 99.05]
[epoch 33] [iter 500 / 1593 98.4s] [lr 0.003717] [train loss 0.0420 acc 98.53]
[epoch 33] [iter 600 / 1593 117.7s] [lr 0.003675] [train loss 0.0314 acc 98.96]
[epoch 33] [iter 700 / 1593 137.0s] [lr 0.003633] [train loss 0.0300 acc 98.84]
[epoch 33] [iter 800 / 1593 156.3s] [lr 0.003592] [train loss 0.0323 acc 98.84]
[epoch 33] [iter 900 / 1593 175.8s] [lr 0.003551] [train loss 0.0315 acc 98.87]
[epoch 33] [iter 1000 / 1593 195.2s] [lr 0.003511] [train loss 0.0339 acc 98.74]
[epoch 33] [iter 1100 / 1593 214.6s] [lr 0.003471] [train loss 0.0083 acc 99.75]
[epoch 33] [iter 1200 / 1593 234.1s] [lr 0.003431] [train loss 0.0099 acc 99.68]
[epoch 33] [iter 1300 / 1593 253.6s] [lr 0.003391] [train loss 0.0057 acc 99.85]
[epoch 33] [iter 1400 / 1593 272.9s] [lr 0.003352] [train loss 0.0113 acc 99.63]
[epoch 33] [iter 1500 / 1593 292.2s] [lr 0.003313] [train loss 0.0377 acc 98.52]
29.0s Val loss 0.06 Acc 97.93 F 63.64
[epoch 33/50 11360.4s] Best rec: Train 99.09, Val 97.93, F1 score: 63.64 IoU 53.04
[epoch 34] [iter 100 / 1593 21.6s] [lr 0.003238] [train loss 0.0303 acc 98.82]
[epoch 34] [iter 200 / 1593 40.9s] [lr 0.003200] [train loss 0.0160 acc 99.42]
[epoch 34] [iter 300 / 1593 60.1s] [lr 0.003162] [train loss 0.0138 acc 99.51]
[epoch 34] [iter 400 / 1593 79.6s] [lr 0.003125] [train loss 0.0345 acc 98.66]
[epoch 34] [iter 500 / 1593 98.8s] [lr 0.003088] [train loss 0.0169 acc 99.42]
[epoch 34] [iter 600 / 1593 118.0s] [lr 0.003051] [train loss 0.0033 acc 99.94]
[epoch 34] [iter 700 / 1593 137.3s] [lr 0.003014] [train loss 0.0328 acc 98.60]
[epoch 34] [iter 800 / 1593 156.5s] [lr 0.002978] [train loss 0.0363 acc 98.59]
[epoch 34] [iter 900 / 1593 175.7s] [lr 0.002942] [train loss 0.0031 acc 99.94]
[epoch 34] [iter 1000 / 1593 194.9s] [lr 0.002906] [train loss 0.0282 acc 98.96]
[epoch 34] [iter 1100 / 1593 214.2s] [lr 0.002871] [train loss 0.0216 acc 99.33]
[epoch 34] [iter 1200 / 1593 233.6s] [lr 0.002835] [train loss 0.0038 acc 99.89]
[epoch 34] [iter 1300 / 1593 252.8s] [lr 0.002801] [train loss 0.0047 acc 99.87]
[epoch 34] [iter 1400 / 1593 272.1s] [lr 0.002766] [train loss 0.0221 acc 99.16]
[epoch 34] [iter 1500 / 1593 291.4s] [lr 0.002732] [train loss 0.0279 acc 98.96]
28.9s Val loss 0.06 Acc 98.11 F 63.35
[epoch 34/50 11700.3s] Best rec: Train 99.10, Val 97.93, F1 score: 63.64 IoU 53.04
[epoch 35] [iter 100 / 1593 21.7s] [lr 0.002666] [train loss 0.0305 acc 98.85]
[epoch 35] [iter 200 / 1593 41.1s] [lr 0.002633] [train loss 0.0189 acc 99.31]
[epoch 35] [iter 300 / 1593 60.5s] [lr 0.002600] [train loss 0.0111 acc 99.59]
[epoch 35] [iter 400 / 1593 79.8s] [lr 0.002567] [train loss 0.0389 acc 98.49]
[epoch 35] [iter 500 / 1593 99.3s] [lr 0.002534] [train loss 0.0156 acc 99.46]
[epoch 35] [iter 600 / 1593 118.6s] [lr 0.002502] [train loss 0.0103 acc 99.64]
[epoch 35] [iter 700 / 1593 138.0s] [lr 0.002470] [train loss 0.0289 acc 98.93]
[epoch 35] [iter 800 / 1593 157.3s] [lr 0.002438] [train loss 0.0081 acc 99.72]
[epoch 35] [iter 900 / 1593 176.7s] [lr 0.002406] [train loss 0.0075 acc 99.72]
[epoch 35] [iter 1000 / 1593 196.0s] [lr 0.002375] [train loss 0.0172 acc 99.32]
[epoch 35] [iter 1100 / 1593 215.1s] [lr 0.002344] [train loss 0.0334 acc 98.75]
[epoch 35] [iter 1200 / 1593 234.3s] [lr 0.002313] [train loss 0.0315 acc 98.84]
[epoch 35] [iter 1300 / 1593 253.5s] [lr 0.002283] [train loss 0.0434 acc 98.24]
[epoch 35] [iter 1400 / 1593 272.7s] [lr 0.002253] [train loss 0.0265 acc 98.98]
[epoch 35] [iter 1500 / 1593 291.8s] [lr 0.002223] [train loss 0.0386 acc 98.50]
Prediction saved!
29.0s Val loss 0.06 Acc 98.10 F 64.92
[epoch 35/50 12040.7s] Best rec: Train 99.11, Val 98.10, F1 score: 64.92 IoU 54.54
[epoch 36] [iter 100 / 1593 21.8s] [lr 0.002166] [train loss 0.0396 acc 98.45]
[epoch 36] [iter 200 / 1593 40.9s] [lr 0.002137] [train loss 0.0336 acc 98.65]
[epoch 36] [iter 300 / 1593 60.3s] [lr 0.002108] [train loss 0.0085 acc 99.68]
[epoch 36] [iter 400 / 1593 79.7s] [lr 0.002079] [train loss 0.0128 acc 99.55]
[epoch 36] [iter 500 / 1593 98.9s] [lr 0.002051] [train loss 0.0298 acc 98.83]
[epoch 36] [iter 600 / 1593 118.3s] [lr 0.002023] [train loss 0.0358 acc 98.63]
[epoch 36] [iter 700 / 1593 137.7s] [lr 0.001995] [train loss 0.0127 acc 99.59]
[epoch 36] [iter 800 / 1593 157.1s] [lr 0.001967] [train loss 0.0045 acc 99.90]
[epoch 36] [iter 900 / 1593 176.3s] [lr 0.001940] [train loss 0.0203 acc 99.24]
[epoch 36] [iter 1000 / 1593 195.7s] [lr 0.001913] [train loss 0.0164 acc 99.55]
[epoch 36] [iter 1100 / 1593 214.9s] [lr 0.001886] [train loss 0.0064 acc 99.77]
[epoch 36] [iter 1200 / 1593 234.2s] [lr 0.001860] [train loss 0.0128 acc 99.53]
[epoch 36] [iter 1300 / 1593 253.7s] [lr 0.001833] [train loss 0.0387 acc 98.49]
[epoch 36] [iter 1400 / 1593 273.0s] [lr 0.001807] [train loss 0.0177 acc 99.31]
[epoch 36] [iter 1500 / 1593 292.4s] [lr 0.001781] [train loss 0.0568 acc 97.73]
28.5s Val loss 0.07 Acc 97.96 F 63.39
[epoch 36/50 12381.3s] Best rec: Train 99.12, Val 98.10, F1 score: 64.92 IoU 54.54
[epoch 37] [iter 100 / 1593 21.6s] [lr 0.001732] [train loss 0.0188 acc 99.39]
[epoch 37] [iter 200 / 1593 40.8s] [lr 0.001707] [train loss 0.0293 acc 98.90]
[epoch 37] [iter 300 / 1593 60.0s] [lr 0.001682] [train loss 0.0015 acc 100.00]
[epoch 37] [iter 400 / 1593 79.1s] [lr 0.001658] [train loss 0.0029 acc 99.94]
[epoch 37] [iter 500 / 1593 98.8s] [lr 0.001633] [train loss 0.0309 acc 98.95]
[epoch 37] [iter 600 / 1593 118.0s] [lr 0.001609] [train loss 0.0245 acc 99.12]
[epoch 37] [iter 700 / 1593 137.3s] [lr 0.001585] [train loss 0.0309 acc 98.86]
[epoch 37] [iter 800 / 1593 156.8s] [lr 0.001562] [train loss 0.0207 acc 99.19]
[epoch 37] [iter 900 / 1593 176.3s] [lr 0.001538] [train loss 0.0064 acc 99.79]
[epoch 37] [iter 1000 / 1593 195.6s] [lr 0.001515] [train loss 0.0112 acc 99.60]
[epoch 37] [iter 1100 / 1593 215.1s] [lr 0.001492] [train loss 0.0653 acc 97.52]
[epoch 37] [iter 1200 / 1593 234.4s] [lr 0.001469] [train loss 0.0301 acc 98.80]
[epoch 37] [iter 1300 / 1593 253.8s] [lr 0.001447] [train loss 0.0157 acc 99.42]
[epoch 37] [iter 1400 / 1593 273.2s] [lr 0.001425] [train loss 0.0040 acc 99.91]
[epoch 37] [iter 1500 / 1593 292.5s] [lr 0.001403] [train loss 0.0200 acc 99.23]
28.8s Val loss 0.06 Acc 98.06 F 64.65
[epoch 37/50 12722.1s] Best rec: Train 99.13, Val 98.10, F1 score: 64.92 IoU 54.54
[epoch 38] [iter 100 / 1593 21.6s] [lr 0.001361] [train loss 0.0024 acc 99.98]
[epoch 38] [iter 200 / 1593 40.9s] [lr 0.001339] [train loss 0.0021 acc 99.97]
[epoch 38] [iter 300 / 1593 60.2s] [lr 0.001318] [train loss 0.0289 acc 98.97]
[epoch 38] [iter 400 / 1593 79.5s] [lr 0.001297] [train loss 0.0226 acc 99.16]
[epoch 38] [iter 500 / 1593 98.9s] [lr 0.001277] [train loss 0.0196 acc 99.26]
[epoch 38] [iter 600 / 1593 118.2s] [lr 0.001256] [train loss 0.0174 acc 99.32]
[epoch 38] [iter 700 / 1593 137.7s] [lr 0.001236] [train loss 0.0034 acc 99.91]
[epoch 38] [iter 800 / 1593 157.2s] [lr 0.001216] [train loss 0.0562 acc 97.74]
[epoch 38] [iter 900 / 1593 176.4s] [lr 0.001196] [train loss 0.0087 acc 99.69]
[epoch 38] [iter 1000 / 1593 196.1s] [lr 0.001177] [train loss 0.0241 acc 99.09]
[epoch 38] [iter 1100 / 1593 215.5s] [lr 0.001157] [train loss 0.0232 acc 99.07]
[epoch 38] [iter 1200 / 1593 235.0s] [lr 0.001138] [train loss 0.0247 acc 99.01]
[epoch 38] [iter 1300 / 1593 254.4s] [lr 0.001119] [train loss 0.0281 acc 98.95]
[epoch 38] [iter 1400 / 1593 274.0s] [lr 0.001100] [train loss 0.0064 acc 99.77]
[epoch 38] [iter 1500 / 1593 293.4s] [lr 0.001082] [train loss 0.0179 acc 99.35]
28.8s Val loss 0.06 Acc 98.13 F 64.24
[epoch 38/50 13063.9s] Best rec: Train 99.15, Val 98.10, F1 score: 64.92 IoU 54.54
[epoch 39] [iter 100 / 1593 21.7s] [lr 0.001047] [train loss 0.0083 acc 99.70]
[epoch 39] [iter 200 / 1593 40.8s] [lr 0.001029] [train loss 0.0360 acc 98.62]
[epoch 39] [iter 300 / 1593 60.4s] [lr 0.001011] [train loss 0.0060 acc 99.79]
[epoch 39] [iter 400 / 1593 79.8s] [lr 0.000994] [train loss 0.0242 acc 99.09]
[epoch 39] [iter 500 / 1593 99.3s] [lr 0.000976] [train loss 0.0137 acc 99.49]
[epoch 39] [iter 600 / 1593 118.8s] [lr 0.000959] [train loss 0.0161 acc 99.39]
[epoch 39] [iter 700 / 1593 138.1s] [lr 0.000942] [train loss 0.0066 acc 99.79]
[epoch 39] [iter 800 / 1593 157.6s] [lr 0.000926] [train loss 0.0255 acc 99.09]
[epoch 39] [iter 900 / 1593 177.0s] [lr 0.000909] [train loss 0.0110 acc 99.62]
[epoch 39] [iter 1000 / 1593 196.4s] [lr 0.000893] [train loss 0.0167 acc 99.37]
[epoch 39] [iter 1100 / 1593 215.7s] [lr 0.000877] [train loss 0.0580 acc 97.71]
[epoch 39] [iter 1200 / 1593 235.0s] [lr 0.000861] [train loss 0.0292 acc 98.84]
[epoch 39] [iter 1300 / 1593 254.4s] [lr 0.000845] [train loss 0.0144 acc 99.50]
[epoch 39] [iter 1400 / 1593 273.7s] [lr 0.000829] [train loss 0.0121 acc 99.57]
[epoch 39] [iter 1500 / 1593 293.1s] [lr 0.000814] [train loss 0.0294 acc 98.77]
21.3s Val loss 0.06 Acc 98.11 F 64.58
[epoch 39/50 13394.3s] Best rec: Train 99.15, Val 98.10, F1 score: 64.92 IoU 54.54
[epoch 40] [iter 100 / 1593 15.2s] [lr 0.000785] [train loss 0.0244 acc 99.03]
[epoch 40] [iter 200 / 1593 28.1s] [lr 0.000770] [train loss 0.0149 acc 99.56]
[epoch 40] [iter 300 / 1593 42.8s] [lr 0.000756] [train loss 0.0060 acc 99.79]
[epoch 40] [iter 400 / 1593 63.4s] [lr 0.000741] [train loss 0.0250 acc 99.00]
[epoch 40] [iter 500 / 1593 82.6s] [lr 0.000727] [train loss 0.0203 acc 99.27]
[epoch 40] [iter 600 / 1593 95.4s] [lr 0.000713] [train loss 0.0021 acc 99.97]
[epoch 40] [iter 700 / 1593 108.3s] [lr 0.000699] [train loss 0.0301 acc 98.93]
[epoch 40] [iter 800 / 1593 121.2s] [lr 0.000685] [train loss 0.0340 acc 98.69]
[epoch 40] [iter 900 / 1593 134.1s] [lr 0.000672] [train loss 0.0160 acc 99.46]
[epoch 40] [iter 1000 / 1593 147.0s] [lr 0.000659] [train loss 0.0250 acc 99.04]
[epoch 40] [iter 1100 / 1593 163.6s] [lr 0.000645] [train loss 0.0269 acc 99.00]
[epoch 40] [iter 1200 / 1593 183.1s] [lr 0.000632] [train loss 0.0117 acc 99.57]
[epoch 40] [iter 1300 / 1593 202.3s] [lr 0.000620] [train loss 0.0115 acc 99.60]
[epoch 40] [iter 1400 / 1593 221.4s] [lr 0.000607] [train loss 0.0046 acc 99.88]
[epoch 40] [iter 1500 / 1593 240.6s] [lr 0.000595] [train loss 0.0190 acc 99.27]
Prediction saved!
28.8s Val loss 0.06 Acc 98.14 F 64.58
[epoch 40/50 13683.1s] Best rec: Train 99.17, Val 98.10, F1 score: 64.92 IoU 54.54
[epoch 41] [iter 100 / 1593 21.6s] [lr 0.000571] [train loss 0.0123 acc 99.56]
[epoch 41] [iter 200 / 1593 40.8s] [lr 0.000559] [train loss 0.0197 acc 99.25]
[epoch 41] [iter 300 / 1593 60.0s] [lr 0.000547] [train loss 0.0145 acc 99.53]
[epoch 41] [iter 400 / 1593 79.1s] [lr 0.000536] [train loss 0.0158 acc 99.38]
[epoch 41] [iter 500 / 1593 98.4s] [lr 0.000524] [train loss 0.0124 acc 99.52]
[epoch 41] [iter 600 / 1593 117.7s] [lr 0.000513] [train loss 0.0088 acc 99.72]
[epoch 41] [iter 700 / 1593 137.0s] [lr 0.000502] [train loss 0.0066 acc 99.83]
[epoch 41] [iter 800 / 1593 156.3s] [lr 0.000491] [train loss 0.0408 acc 98.38]
[epoch 41] [iter 900 / 1593 175.6s] [lr 0.000480] [train loss 0.0224 acc 99.14]
[epoch 41] [iter 1000 / 1593 194.9s] [lr 0.000469] [train loss 0.0074 acc 99.76]
[epoch 41] [iter 1100 / 1593 214.3s] [lr 0.000459] [train loss 0.0274 acc 98.92]
[epoch 41] [iter 1200 / 1593 233.6s] [lr 0.000449] [train loss 0.0045 acc 99.88]
[epoch 41] [iter 1300 / 1593 253.1s] [lr 0.000439] [train loss 0.0121 acc 99.54]
[epoch 41] [iter 1400 / 1593 272.5s] [lr 0.000428] [train loss 0.0585 acc 97.56]
[epoch 41] [iter 1500 / 1593 291.9s] [lr 0.000419] [train loss 0.0555 acc 97.79]
28.8s Val loss 0.07 Acc 97.95 F 63.99
[epoch 41/50 14023.7s] Best rec: Train 99.17, Val 98.10, F1 score: 64.92 IoU 54.54
[epoch 42] [iter 100 / 1593 21.4s] [lr 0.000400] [train loss 0.0307 acc 98.81]
[epoch 42] [iter 200 / 1593 40.8s] [lr 0.000391] [train loss 0.0430 acc 98.37]
[epoch 42] [iter 300 / 1593 59.9s] [lr 0.000381] [train loss 0.0543 acc 97.82]
[epoch 42] [iter 400 / 1593 79.3s] [lr 0.000372] [train loss 0.0192 acc 99.29]
[epoch 42] [iter 500 / 1593 98.6s] [lr 0.000363] [train loss 0.0149 acc 99.49]
[epoch 42] [iter 600 / 1593 118.1s] [lr 0.000354] [train loss 0.0144 acc 99.46]
[epoch 42] [iter 700 / 1593 137.3s] [lr 0.000346] [train loss 0.0016 acc 99.99]
[epoch 42] [iter 800 / 1593 156.6s] [lr 0.000337] [train loss 0.0426 acc 98.33]
[epoch 42] [iter 900 / 1593 176.0s] [lr 0.000329] [train loss 0.0523 acc 97.94]
[epoch 42] [iter 1000 / 1593 195.3s] [lr 0.000321] [train loss 0.0056 acc 99.82]
[epoch 42] [iter 1100 / 1593 214.8s] [lr 0.000312] [train loss 0.0425 acc 98.37]
[epoch 42] [iter 1200 / 1593 234.1s] [lr 0.000304] [train loss 0.0163 acc 99.42]
[epoch 42] [iter 1300 / 1593 253.5s] [lr 0.000297] [train loss 0.0023 acc 100.00]
[epoch 42] [iter 1400 / 1593 272.7s] [lr 0.000289] [train loss 0.0329 acc 98.77]
[epoch 42] [iter 1500 / 1593 292.1s] [lr 0.000281] [train loss 0.0286 acc 98.89]
28.8s Val loss 0.07 Acc 98.02 F 64.29
[epoch 42/50 14364.0s] Best rec: Train 99.17, Val 98.10, F1 score: 64.92 IoU 54.54
[epoch 43] [iter 100 / 1593 21.5s] [lr 0.000267] [train loss 0.0367 acc 98.53]
[epoch 43] [iter 200 / 1593 40.8s] [lr 0.000260] [train loss 0.0117 acc 99.59]
[epoch 43] [iter 300 / 1593 60.0s] [lr 0.000253] [train loss 0.0241 acc 99.19]
[epoch 43] [iter 400 / 1593 79.3s] [lr 0.000246] [train loss 0.0441 acc 98.29]
[epoch 43] [iter 500 / 1593 98.5s] [lr 0.000239] [train loss 0.0235 acc 99.05]
[epoch 43] [iter 600 / 1593 117.9s] [lr 0.000232] [train loss 0.0045 acc 99.86]
[epoch 43] [iter 700 / 1593 137.4s] [lr 0.000226] [train loss 0.0064 acc 99.80]
[epoch 43] [iter 800 / 1593 156.7s] [lr 0.000219] [train loss 0.0071 acc 99.77]
[epoch 43] [iter 900 / 1593 176.0s] [lr 0.000213] [train loss 0.0170 acc 99.34]
[epoch 43] [iter 1000 / 1593 195.3s] [lr 0.000207] [train loss 0.0330 acc 98.85]
[epoch 43] [iter 1100 / 1593 214.6s] [lr 0.000201] [train loss 0.0060 acc 99.81]
[epoch 43] [iter 1200 / 1593 233.8s] [lr 0.000195] [train loss 0.0480 acc 98.52]
[epoch 43] [iter 1300 / 1593 253.2s] [lr 0.000189] [train loss 0.0584 acc 97.66]
[epoch 43] [iter 1400 / 1593 272.4s] [lr 0.000183] [train loss 0.0181 acc 99.29]
[epoch 43] [iter 1500 / 1593 291.9s] [lr 0.000178] [train loss 0.0102 acc 99.63]
28.8s Val loss 0.07 Acc 98.05 F 64.06
[epoch 43/50 14704.3s] Best rec: Train 99.17, Val 98.10, F1 score: 64.92 IoU 54.54
[epoch 44] [iter 100 / 1593 21.8s] [lr 0.000167] [train loss 0.0060 acc 99.79]
[epoch 44] [iter 200 / 1593 41.0s] [lr 0.000162] [train loss 0.0206 acc 99.17]
[epoch 44] [iter 300 / 1593 60.2s] [lr 0.000157] [train loss 0.0614 acc 97.47]
[epoch 44] [iter 400 / 1593 79.4s] [lr 0.000152] [train loss 0.0309 acc 98.82]
[epoch 44] [iter 500 / 1593 98.7s] [lr 0.000147] [train loss 0.0332 acc 98.73]
[epoch 44] [iter 600 / 1593 117.9s] [lr 0.000142] [train loss 0.0143 acc 99.48]
[epoch 44] [iter 700 / 1593 137.4s] [lr 0.000138] [train loss 0.0160 acc 99.36]
[epoch 44] [iter 800 / 1593 156.7s] [lr 0.000133] [train loss 0.0101 acc 99.66]
[epoch 44] [iter 900 / 1593 176.2s] [lr 0.000128] [train loss 0.0123 acc 99.62]
[epoch 44] [iter 1000 / 1593 195.7s] [lr 0.000124] [train loss 0.0235 acc 99.24]
[epoch 44] [iter 1100 / 1593 215.1s] [lr 0.000120] [train loss 0.0336 acc 98.63]
[epoch 44] [iter 1200 / 1593 234.5s] [lr 0.000116] [train loss 0.0675 acc 97.30]
[epoch 44] [iter 1300 / 1593 253.9s] [lr 0.000111] [train loss 0.0311 acc 98.79]
[epoch 44] [iter 1400 / 1593 273.5s] [lr 0.000107] [train loss 0.0028 acc 99.94]
[epoch 44] [iter 1500 / 1593 292.9s] [lr 0.000104] [train loss 0.0205 acc 99.17]
28.9s Val loss 0.07 Acc 98.05 F 64.25
[epoch 44/50 15045.6s] Best rec: Train 99.17, Val 98.10, F1 score: 64.92 IoU 54.54
[epoch 45] [iter 100 / 1593 21.7s] [lr 0.000096] [train loss 0.0463 acc 98.24]
[epoch 45] [iter 200 / 1593 41.0s] [lr 0.000093] [train loss 0.0233 acc 99.22]
[epoch 45] [iter 300 / 1593 60.4s] [lr 0.000089] [train loss 0.0073 acc 99.85]
[epoch 45] [iter 400 / 1593 79.8s] [lr 0.000086] [train loss 0.0138 acc 99.47]
[epoch 45] [iter 500 / 1593 98.9s] [lr 0.000082] [train loss 0.0023 acc 99.96]
[epoch 45] [iter 600 / 1593 118.1s] [lr 0.000079] [train loss 0.0294 acc 98.85]
[epoch 45] [iter 700 / 1593 137.4s] [lr 0.000076] [train loss 0.0147 acc 99.46]
[epoch 45] [iter 800 / 1593 156.6s] [lr 0.000073] [train loss 0.0195 acc 99.28]
[epoch 45] [iter 900 / 1593 176.0s] [lr 0.000070] [train loss 0.0089 acc 99.79]
[epoch 45] [iter 1000 / 1593 195.4s] [lr 0.000067] [train loss 0.0531 acc 97.97]
[epoch 45] [iter 1100 / 1593 214.9s] [lr 0.000064] [train loss 0.0095 acc 99.68]
[epoch 45] [iter 1200 / 1593 234.3s] [lr 0.000061] [train loss 0.0206 acc 99.39]
[epoch 45] [iter 1300 / 1593 253.7s] [lr 0.000059] [train loss 0.0106 acc 99.63]
[epoch 45] [iter 1400 / 1593 273.2s] [lr 0.000056] [train loss 0.0198 acc 99.26]
[epoch 45] [iter 1500 / 1593 292.6s] [lr 0.000053] [train loss 0.0081 acc 99.74]
Prediction saved!
28.8s Val loss 0.07 Acc 98.06 F 64.36
[epoch 45/50 15386.6s] Best rec: Train 99.17, Val 98.10, F1 score: 64.92 IoU 54.54
[epoch 46] [iter 100 / 1593 21.6s] [lr 0.000049] [train loss 0.0222 acc 99.13]
[epoch 46] [iter 200 / 1593 40.9s] [lr 0.000047] [train loss 0.0121 acc 99.51]
[epoch 46] [iter 300 / 1593 60.2s] [lr 0.000044] [train loss 0.0285 acc 98.94]
[epoch 46] [iter 400 / 1593 79.4s] [lr 0.000042] [train loss 0.0166 acc 99.43]
[epoch 46] [iter 500 / 1593 98.5s] [lr 0.000040] [train loss 0.0366 acc 98.50]
[epoch 46] [iter 600 / 1593 117.8s] [lr 0.000038] [train loss 0.0093 acc 99.68]
[epoch 46] [iter 700 / 1593 137.1s] [lr 0.000036] [train loss 0.0434 acc 98.42]
[epoch 46] [iter 800 / 1593 156.3s] [lr 0.000034] [train loss 0.0386 acc 98.67]
[epoch 46] [iter 900 / 1593 175.6s] [lr 0.000032] [train loss 0.0015 acc 100.00]
[epoch 46] [iter 1000 / 1593 195.0s] [lr 0.000031] [train loss 0.0446 acc 98.23]
[epoch 46] [iter 1100 / 1593 214.3s] [lr 0.000029] [train loss 0.0221 acc 99.13]
[epoch 46] [iter 1200 / 1593 233.6s] [lr 0.000027] [train loss 0.0165 acc 99.52]
[epoch 46] [iter 1300 / 1593 252.8s] [lr 0.000026] [train loss 0.0082 acc 99.74]
[epoch 46] [iter 1400 / 1593 272.1s] [lr 0.000024] [train loss 0.0110 acc 99.62]
[epoch 46] [iter 1500 / 1593 291.4s] [lr 0.000023] [train loss 0.0391 acc 98.53]
28.9s Val loss 0.07 Acc 98.02 F 64.19
[epoch 46/50 15726.5s] Best rec: Train 99.17, Val 98.10, F1 score: 64.92 IoU 54.54
[epoch 47] [iter 100 / 1593 21.6s] [lr 0.000020] [train loss 0.0071 acc 99.76]
[epoch 47] [iter 200 / 1593 41.0s] [lr 0.000019] [train loss 0.0168 acc 99.39]
[epoch 47] [iter 300 / 1593 60.4s] [lr 0.000018] [train loss 0.0362 acc 98.63]
[epoch 47] [iter 400 / 1593 79.8s] [lr 0.000017] [train loss 0.0172 acc 99.38]
[epoch 47] [iter 500 / 1593 99.2s] [lr 0.000016] [train loss 0.0367 acc 98.61]
[epoch 47] [iter 600 / 1593 118.6s] [lr 0.000014] [train loss 0.0021 acc 99.99]
[epoch 47] [iter 700 / 1593 138.1s] [lr 0.000013] [train loss 0.0082 acc 99.68]
[epoch 47] [iter 800 / 1593 157.5s] [lr 0.000012] [train loss 0.0322 acc 98.69]
[epoch 47] [iter 900 / 1593 177.0s] [lr 0.000012] [train loss 0.0151 acc 99.45]
[epoch 47] [iter 1000 / 1593 196.4s] [lr 0.000011] [train loss 0.0189 acc 99.30]
[epoch 47] [iter 1100 / 1593 215.8s] [lr 0.000010] [train loss 0.0285 acc 98.85]
[epoch 47] [iter 1200 / 1593 235.1s] [lr 0.000009] [train loss 0.0032 acc 99.93]
[epoch 47] [iter 1300 / 1593 254.6s] [lr 0.000008] [train loss 0.0342 acc 98.79]
[epoch 47] [iter 1400 / 1593 273.9s] [lr 0.000008] [train loss 0.0158 acc 99.48]
[epoch 47] [iter 1500 / 1593 293.3s] [lr 0.000007] [train loss 0.0253 acc 99.00]
28.8s Val loss 0.07 Acc 98.03 F 64.05
[epoch 47/50 16068.1s] Best rec: Train 99.17, Val 98.10, F1 score: 64.92 IoU 54.54
[epoch 48] [iter 100 / 1593 21.5s] [lr 0.000006] [train loss 0.0058 acc 99.83]
[epoch 48] [iter 200 / 1593 40.9s] [lr 0.000005] [train loss 0.0094 acc 99.71]
[epoch 48] [iter 300 / 1593 60.2s] [lr 0.000005] [train loss 0.0337 acc 98.70]
[epoch 48] [iter 400 / 1593 79.6s] [lr 0.000004] [train loss 0.0058 acc 99.82]
[epoch 48] [iter 500 / 1593 95.6s] [lr 0.000004] [train loss 0.0132 acc 99.50]
[epoch 48] [iter 600 / 1593 108.4s] [lr 0.000003] [train loss 0.0335 acc 98.75]
[epoch 48] [iter 700 / 1593 121.2s] [lr 0.000003] [train loss 0.0280 acc 98.89]
[epoch 48] [iter 800 / 1593 133.9s] [lr 0.000003] [train loss 0.0161 acc 99.40]
[epoch 48] [iter 900 / 1593 146.8s] [lr 0.000002] [train loss 0.0480 acc 98.24]
[epoch 48] [iter 1000 / 1593 164.9s] [lr 0.000002] [train loss 0.0298 acc 98.79]
[epoch 48] [iter 1100 / 1593 185.5s] [lr 0.000002] [train loss 0.0212 acc 99.20]
[epoch 48] [iter 1200 / 1593 201.4s] [lr 0.000002] [train loss 0.0490 acc 98.03]
[epoch 48] [iter 1300 / 1593 214.5s] [lr 0.000001] [train loss 0.0092 acc 99.72]
[epoch 48] [iter 1400 / 1593 227.4s] [lr 0.000001] [train loss 0.0209 acc 99.26]
[epoch 48] [iter 1500 / 1593 240.2s] [lr 0.000001] [train loss 0.0348 acc 98.69]
23.7s Val loss 0.07 Acc 98.08 F 64.40
[epoch 48/50 16345.7s] Best rec: Train 99.17, Val 98.10, F1 score: 64.92 IoU 54.54
[epoch 49] [iter 100 / 1593 21.7s] [lr 0.000001] [train loss 0.0352 acc 98.76]
[epoch 49] [iter 200 / 1593 41.1s] [lr 0.000001] [train loss 0.0243 acc 99.09]
[epoch 49] [iter 300 / 1593 60.4s] [lr 0.000000] [train loss 0.0434 acc 98.19]
[epoch 49] [iter 400 / 1593 79.7s] [lr 0.000000] [train loss 0.0468 acc 98.12]
[epoch 49] [iter 500 / 1593 99.0s] [lr 0.000000] [train loss 0.0257 acc 99.03]
[epoch 49] [iter 600 / 1593 118.4s] [lr 0.000000] [train loss 0.0054 acc 99.83]
[epoch 49] [iter 700 / 1593 137.6s] [lr 0.000000] [train loss 0.0180 acc 99.38]
[epoch 49] [iter 800 / 1593 157.0s] [lr 0.000000] [train loss 0.0281 acc 98.90]
[epoch 49] [iter 900 / 1593 176.2s] [lr 0.000000] [train loss 0.0076 acc 99.74]
[epoch 49] [iter 1000 / 1593 195.7s] [lr 0.000000] [train loss 0.0223 acc 99.16]
[epoch 49] [iter 1100 / 1593 215.1s] [lr 0.000000] [train loss 0.0286 acc 98.89]
[epoch 49] [iter 1200 / 1593 234.4s] [lr 0.000000] [train loss 0.0216 acc 99.18]
[epoch 49] [iter 1300 / 1593 253.8s] [lr 0.000000] [train loss 0.0208 acc 99.20]
[epoch 49] [iter 1400 / 1593 273.2s] [lr 0.000000] [train loss 0.0627 acc 98.10]
[epoch 49] [iter 1500 / 1593 292.7s] [lr 0.000000] [train loss 0.0075 acc 99.75]
28.8s Val loss 0.07 Acc 98.06 F 63.99
[epoch 49/50 16686.6s] Best rec: Train 99.17, Val 98.10, F1 score: 64.92 IoU 54.54
Training finished.
